Unity Editor version:    2022.3.27f1 (73effa14754f)
Branch:                  2022.3/staging
Build type:              Release
Batch mode:              YES
macOS version:           Version 14.6.1 (Build 23G93)
Darwin version:          23.6.0
Architecture:            arm64
Running under Rosetta:   NO
Available memory:        16384 MB
Using pre-set license
Pro License: YES

COMMAND LINE ARGUMENTS:
/Applications/Unity/Hub/Editor/2022.3.27f1/Unity.app/Contents/MacOS/Unity
-adb2
-batchMode
-noUpm
-name
AssetImportWorker0
-projectPath
/Users/mathisvonarb/Documents/Code/Maturaarbeit
-logFile
Logs/AssetImportWorker0.log
-srvPort
52280
Successfully changed project path to: /Users/mathisvonarb/Documents/Code/Maturaarbeit
/Users/mathisvonarb/Documents/Code/Maturaarbeit
[UnityMemory] Configuration Parameters - Can be set up in boot.config
    "memorysetup-bucket-allocator-granularity=16"
    "memorysetup-bucket-allocator-bucket-count=8"
    "memorysetup-bucket-allocator-block-size=33554432"
    "memorysetup-bucket-allocator-block-count=8"
    "memorysetup-main-allocator-block-size=16777216"
    "memorysetup-thread-allocator-block-size=16777216"
    "memorysetup-gfx-main-allocator-block-size=16777216"
    "memorysetup-gfx-thread-allocator-block-size=16777216"
    "memorysetup-cache-allocator-block-size=4194304"
    "memorysetup-typetree-allocator-block-size=2097152"
    "memorysetup-profiler-bucket-allocator-granularity=16"
    "memorysetup-profiler-bucket-allocator-bucket-count=8"
    "memorysetup-profiler-bucket-allocator-block-size=33554432"
    "memorysetup-profiler-bucket-allocator-block-count=8"
    "memorysetup-profiler-allocator-block-size=16777216"
    "memorysetup-profiler-editor-allocator-block-size=1048576"
    "memorysetup-temp-allocator-size-main=16777216"
    "memorysetup-job-temp-allocator-block-size=2097152"
    "memorysetup-job-temp-allocator-block-size-background=1048576"
    "memorysetup-job-temp-allocator-reduction-small-platforms=262144"
    "memorysetup-allocator-temp-initial-block-size-main=262144"
    "memorysetup-allocator-temp-initial-block-size-worker=262144"
    "memorysetup-temp-allocator-size-background-worker=32768"
    "memorysetup-temp-allocator-size-job-worker=262144"
    "memorysetup-temp-allocator-size-preload-manager=33554432"
    "memorysetup-temp-allocator-size-nav-mesh-worker=65536"
    "memorysetup-temp-allocator-size-audio-worker=65536"
    "memorysetup-temp-allocator-size-cloud-worker=32768"
    "memorysetup-temp-allocator-size-gi-baking-worker=262144"
    "memorysetup-temp-allocator-size-gfx=262144"
Player connection [8302071616] Host "[IP] 192.168.0.158 [Port] 0 [Flags] 2 [Guid] 2890271358 [EditorId] 2890271358 [Version] 1048832 [Id] OSXEditor(0,Mathis-MacBook-Pro.local) [Debug] 1 [PackageName] OSXEditor [ProjectName] Editor" joined multi-casting on [225.0.0.222:54997]...

Player connection [8302071616] Host "[IP] 192.168.0.158 [Port] 0 [Flags] 2 [Guid] 2890271358 [EditorId] 2890271358 [Version] 1048832 [Id] OSXEditor(0,Mathis-MacBook-Pro.local) [Debug] 1 [PackageName] OSXEditor [ProjectName] Editor" joined alternative multi-casting on [225.0.0.222:34997]...

[Physics::Module] Initialized MultithreadedJobDispatcher with 7 workers.
Refreshing native plugins compatible for Editor in 21.22 ms, found 3 plugins.
Preloading 0 native plugins for Editor in 0.00 ms.
Initialize engine version: 2022.3.27f1 (73effa14754f)
[Subsystems] Discovering subsystems at path /Applications/Unity/Hub/Editor/2022.3.27f1/Unity.app/Contents/Resources/UnitySubsystems
[Subsystems] Discovering subsystems at path /Users/mathisvonarb/Documents/Code/Maturaarbeit/Assets
GfxDevice: creating device client; threaded=0; jobified=0
 preferred device: Apple M3 (high power)
Metal devices available: 1
0: Apple M3 (high power)
Using device Apple M3 (high power)
Initializing Metal device caps: Apple M3
Initialize mono
Mono path[0] = '/Applications/Unity/Hub/Editor/2022.3.27f1/Unity.app/Contents/Managed'
Mono path[1] = '/Applications/Unity/Hub/Editor/2022.3.27f1/Unity.app/Contents/MonoBleedingEdge/lib/mono/unityjit-macos'
Mono config path = '/Applications/Unity/Hub/Editor/2022.3.27f1/Unity.app/Contents/MonoBleedingEdge/etc'
Using monoOptions --debugger-agent=transport=dt_socket,embedding=1,server=y,suspend=n,address=127.0.0.1:56196
Begin MonoManager ReloadAssembly
Registering precompiled unity dll's ...
Register platform support module: /Applications/Unity/Hub/Editor/2022.3.27f1/PlaybackEngines/WebGLSupport/UnityEditor.WebGL.Extensions.dll
Register platform support module: /Applications/Unity/Hub/Editor/2022.3.27f1/Unity.app/Contents/PlaybackEngines/MacStandaloneSupport/UnityEditor.OSXStandalone.Extensions.dll
Registered in 0.002963 seconds.
- Loaded All Assemblies, in  0.181 seconds
Native extension for OSXStandalone target not found
Native extension for WebGL target not found
Mono: successfully reloaded assembly
- Finished resetting the current domain, in  0.120 seconds
Domain Reload Profiling: 301ms
	BeginReloadAssembly (58ms)
		ExecutionOrderSort (0ms)
		DisableScriptedObjects (0ms)
		BackupInstance (0ms)
		ReleaseScriptingObjects (0ms)
		CreateAndSetChildDomain (0ms)
	RebuildCommonClasses (18ms)
	RebuildNativeTypeToScriptingClass (6ms)
	initialDomainReloadingComplete (24ms)
	LoadAllAssembliesAndSetupDomain (74ms)
		LoadAssemblies (58ms)
		RebuildTransferFunctionScriptingTraits (0ms)
		AnalyzeDomain (73ms)
			TypeCache.Refresh (72ms)
				TypeCache.ScanAssembly (65ms)
			ScanForSourceGeneratedMonoScriptInfo (0ms)
			ResolveRequiredComponents (0ms)
	FinalizeReload (121ms)
		ReleaseScriptCaches (0ms)
		RebuildScriptCaches (0ms)
		SetupLoadedEditorAssemblies (92ms)
			LogAssemblyErrors (0ms)
			InitializePlatformSupportModulesInManaged (5ms)
			SetLoadedEditorAssemblies (3ms)
			RefreshPlugins (0ms)
			BeforeProcessingInitializeOnLoad (1ms)
			ProcessInitializeOnLoadAttributes (65ms)
			ProcessInitializeOnLoadMethodAttributes (19ms)
			AfterProcessingInitializeOnLoad (0ms)
			EditorAssembliesLoaded (0ms)
		ExecutionOrderSort2 (0ms)
		AwakeInstancesAfterBackupRestoration (0ms)
========================================================================
Worker process is ready to serve import requests
Begin MonoManager ReloadAssembly
- Loaded All Assemblies, in  0.465 seconds
Refreshing native plugins compatible for Editor in 1.27 ms, found 3 plugins.
Native extension for OSXStandalone target not found
Native extension for WebGL target not found
Package Manager log level set to [2]
[Package Manager] Server::EnsureServerProcessIsRunning -- launch failed, reason: Unity was launched with the -noUpm command-line argument
[Package Manager] UpmClient::Send -- Unable to send message (not connected to UPM process).
[Package Manager] Cannot connect to Unity Package Manager local server
Mono: successfully reloaded assembly
- Finished resetting the current domain, in  0.370 seconds
Domain Reload Profiling: 835ms
	BeginReloadAssembly (60ms)
		ExecutionOrderSort (0ms)
		DisableScriptedObjects (2ms)
		BackupInstance (0ms)
		ReleaseScriptingObjects (0ms)
		CreateAndSetChildDomain (14ms)
	RebuildCommonClasses (18ms)
	RebuildNativeTypeToScriptingClass (6ms)
	initialDomainReloadingComplete (18ms)
	LoadAllAssembliesAndSetupDomain (362ms)
		LoadAssemblies (226ms)
		RebuildTransferFunctionScriptingTraits (0ms)
		AnalyzeDomain (162ms)
			TypeCache.Refresh (142ms)
				TypeCache.ScanAssembly (128ms)
			ScanForSourceGeneratedMonoScriptInfo (12ms)
			ResolveRequiredComponents (7ms)
	FinalizeReload (370ms)
		ReleaseScriptCaches (0ms)
		RebuildScriptCaches (0ms)
		SetupLoadedEditorAssemblies (267ms)
			LogAssemblyErrors (0ms)
			InitializePlatformSupportModulesInManaged (3ms)
			SetLoadedEditorAssemblies (3ms)
			RefreshPlugins (0ms)
			BeforeProcessingInitializeOnLoad (40ms)
			ProcessInitializeOnLoadAttributes (206ms)
			ProcessInitializeOnLoadMethodAttributes (15ms)
			AfterProcessingInitializeOnLoad (1ms)
			EditorAssembliesLoaded (0ms)
		ExecutionOrderSort2 (0ms)
		AwakeInstancesAfterBackupRestoration (1ms)
Launching external process: /Applications/Unity/Hub/Editor/2022.3.27f1/Unity.app/Contents/Tools/UnityShaderCompiler
Launched and connected shader compiler UnityShaderCompiler after 0.02 seconds
Refreshing native plugins compatible for Editor in 1.41 ms, found 3 plugins.
Preloading 0 native plugins for Editor in 0.00 ms.
Unloading 6978 Unused Serialized files (Serialized files now loaded: 0)
Unloading 255 unused Assets / (11.7 MB). Loaded Objects now: 7336.
Memory consumption went from 368.1 MB to 356.5 MB.
Total: 4.037250 ms (FindLiveObjects: 0.191834 ms CreateObjectMapping: 0.079917 ms MarkObjects: 2.219875 ms  DeleteObjects: 1.544584 ms)

AssetImportParameters requested are different than current active one (requested -> active):
  custom:container-demuxer-ogg: 62fdf1f143b41e24485cea50d1cbac27 -> 
  custom:container-muxer-webm: aa71ff27fc2769a1b78a27578f13a17b -> 
  custom:video-decoder-webm-vp8: 9c59270c3fd7afecdb556c50c9e8de78 -> 
  custom:SearchIndexIgnoredProperties: e643bd26f0fe6173181afceb89e7c659 -> 
  custom:AudioImporter_EditorPlatform: 3918e3fc78b5a79bad01e8451be0beb8 -> 
  custom:audio-decoder-ogg-vorbis: bf7c407c2cedff20999df2af8eb42d56 -> 
  custom:audio-encoder-webm-vorbis: bf7c407c2cedff20999df2af8eb42d56 -> 
  custom:video-decoder-ogg-theora: a1e56fd34408186e4bbccfd4996cb3dc -> 
  custom:CustomObjectIndexerAttribute: 72b91833f83ae208fae7752999fa3104 -> 
  custom:container-demuxer-webm: 4f35f7cbe854078d1ac9338744f61a02 -> 
  custom:framework-osx-AVFoundation: e770b220cccbd017edd2c1fefb359320 -> 
  custom:video-encoder-webm-vp8: eb34c28f22e8b96e1ab97ce403110664 -> 
========================================================================
Received Import Request.
  Time since last request: 594514.968081 seconds.
  path: Assets/Images
  artifactKey: Guid(2148f1039d78a47dc9e51f1427fa95fd) Importer(815301076,1909f56bfc062723c751e8b465ee728b)
Start importing Assets/Images using Guid(2148f1039d78a47dc9e51f1427fa95fd) Importer(815301076,1909f56bfc062723c751e8b465ee728b)  -> (artifact id: '314366d10f29398c386754da2fb04f72') in 0.000819 seconds
Number of updated asset objects reloaded before import = 0
Number of asset objects unloaded after import = 0
========================================================================
Received Import Request.
  Time since last request: 5.910429 seconds.
  path: Assets/Images/Icon.png
  artifactKey: Guid(cccc7fef2d2c34aa089a2bc6f0dc91f2) Importer(815301076,1909f56bfc062723c751e8b465ee728b)
Start importing Assets/Images/Icon.png using Guid(cccc7fef2d2c34aa089a2bc6f0dc91f2) Importer(815301076,1909f56bfc062723c751e8b465ee728b)  -> (artifact id: '557aab091130a16afad28b55aca9697d') in 0.042760 seconds
Number of updated asset objects reloaded before import = 0
Number of asset objects unloaded after import = 2
========================================================================
Received Import Request.
  Time since last request: 10.089267 seconds.
  path: Assets/Packages/Flooded_Grounds/Content
  artifactKey: Guid(2e150d6ce3d33f84295eac3b1ec2f056) Importer(815301076,1909f56bfc062723c751e8b465ee728b)
Start importing Assets/Packages/Flooded_Grounds/Content using Guid(2e150d6ce3d33f84295eac3b1ec2f056) Importer(815301076,1909f56bfc062723c751e8b465ee728b)  -> (artifact id: 'b1203001cb7e2c9e69e5a77ff74333f6') in 0.000347 seconds
Number of updated asset objects reloaded before import = 0
Number of asset objects unloaded after import = 0
========================================================================
Received Import Request.
  Time since last request: 2.488829 seconds.
  path: Assets/Packages/Flooded_Grounds/Content/Animations
  artifactKey: Guid(88d2ed1657dfc3041942d4a7e4abe7c8) Importer(815301076,1909f56bfc062723c751e8b465ee728b)
Start importing Assets/Packages/Flooded_Grounds/Content/Animations using Guid(88d2ed1657dfc3041942d4a7e4abe7c8) Importer(815301076,1909f56bfc062723c751e8b465ee728b)  -> (artifact id: '652577c4208ddb0aaf1f6a83f2bc5dcd') in 0.000245 seconds
Number of updated asset objects reloaded before import = 0
Number of asset objects unloaded after import = 0
========================================================================
Received Import Request.
  Time since last request: 3.512354 seconds.
  path: Assets/Packages/Flooded_Grounds/Content/Animations/FlyingSaucer_Body_Ctrl.controller
  artifactKey: Guid(0146707624aa9ec40a92615d304dd1f0) Importer(815301076,1909f56bfc062723c751e8b465ee728b)
Start importing Assets/Packages/Flooded_Grounds/Content/Animations/FlyingSaucer_Body_Ctrl.controller using Guid(0146707624aa9ec40a92615d304dd1f0) Importer(815301076,1909f56bfc062723c751e8b465ee728b)  -> (artifact id: '61819f925477086efdcbd3834dd090ea') in 0.006019 seconds
Number of updated asset objects reloaded before import = 0
Number of asset objects unloaded after import = 4
========================================================================
Received Import Request.
  Time since last request: 9.091359 seconds.
  path: Assets/Packages/Flooded_Grounds/Content/Materials
  artifactKey: Guid(5c3f1ab731e541841b79f7a5d2f1b27e) Importer(815301076,1909f56bfc062723c751e8b465ee728b)
Start importing Assets/Packages/Flooded_Grounds/Content/Materials using Guid(5c3f1ab731e541841b79f7a5d2f1b27e) Importer(815301076,1909f56bfc062723c751e8b465ee728b)  -> (artifact id: '02c7dc9f5d9090c476392e77b16409f5') in 0.000310 seconds
Number of updated asset objects reloaded before import = 0
Number of asset objects unloaded after import = 0
========================================================================
Received Import Request.
  Time since last request: 0.615634 seconds.
  path: Assets/Packages/Flooded_Grounds/Content/Materials/BGR_Sky1.mat
  artifactKey: Guid(1612dc54605b67947bed7b6e6b4f48c4) Importer(815301076,1909f56bfc062723c751e8b465ee728b)
Start importing Assets/Packages/Flooded_Grounds/Content/Materials/BGR_Sky1.mat using Guid(1612dc54605b67947bed7b6e6b4f48c4) Importer(815301076,1909f56bfc062723c751e8b465ee728b)  -> (artifact id: '32232337165d5a79992ee4afc24c005f') in 0.112254 seconds
Number of updated asset objects reloaded before import = 0
Number of asset objects unloaded after import = 3
========================================================================
Received Import Request.
  Time since last request: 0.000033 seconds.
  path: Assets/Packages/Flooded_Grounds/Content/Materials/BLD_Villa2.mat
  artifactKey: Guid(7c038e6fd547b3841a5a66ff479547e1) Importer(815301076,1909f56bfc062723c751e8b465ee728b)
Start importing Assets/Packages/Flooded_Grounds/Content/Materials/BLD_Villa2.mat using Guid(7c038e6fd547b3841a5a66ff479547e1) Importer(815301076,1909f56bfc062723c751e8b465ee728b)  -> (artifact id: '86f28d39e796cf614a821015120d850b') in 0.191743 seconds
Number of updated asset objects reloaded before import = 0
Number of asset objects unloaded after import = 7
========================================================================
Received Import Request.
  Time since last request: 0.000031 seconds.
  path: Assets/Packages/Flooded_Grounds/Content/Materials/NAT_GroundMoss.mat
  artifactKey: Guid(07fadee667c4d2b4d95d85c8eddf79a9) Importer(815301076,1909f56bfc062723c751e8b465ee728b)
Start importing Assets/Packages/Flooded_Grounds/Content/Materials/NAT_GroundMoss.mat using Guid(07fadee667c4d2b4d95d85c8eddf79a9) Importer(815301076,1909f56bfc062723c751e8b465ee728b)  -> (artifact id: 'ca73561334d8d99bd625bfdc85e3bd89') in 0.102107 seconds
Number of updated asset objects reloaded before import = 0
Number of asset objects unloaded after import = 3
========================================================================
Received Import Request.
  Time since last request: 0.000031 seconds.
  path: Assets/Packages/Flooded_Grounds/Content/Materials/PROP_Gravestones1.mat
  artifactKey: Guid(e6f5834528a499646b75d68c40b11659) Importer(815301076,1909f56bfc062723c751e8b465ee728b)
Start importing Assets/Packages/Flooded_Grounds/Content/Materials/PROP_Gravestones1.mat using Guid(e6f5834528a499646b75d68c40b11659) Importer(815301076,1909f56bfc062723c751e8b465ee728b)  -> (artifact id: '523eeabc99a8b3400595d947543414d7') in 0.042445 seconds
Number of updated asset objects reloaded before import = 0
Number of asset objects unloaded after import = 11
========================================================================
Received Import Request.
  Time since last request: 0.000036 seconds.
  path: Assets/Packages/Flooded_Grounds/Content/Materials/NAT_Bush1.mat
  artifactKey: Guid(d26ea6fcc09300042a18c16ba1ac7887) Importer(815301076,1909f56bfc062723c751e8b465ee728b)
Start importing Assets/Packages/Flooded_Grounds/Content/Materials/NAT_Bush1.mat using Guid(d26ea6fcc09300042a18c16ba1ac7887) Importer(815301076,1909f56bfc062723c751e8b465ee728b)  -> (artifact id: '6213d5f072d1ff6fdcab469cfe3d0741') in 0.032614 seconds
Number of updated asset objects reloaded before import = 0
Number of asset objects unloaded after import = 5
========================================================================
Received Import Request.
  Time since last request: 0.000027 seconds.
  path: Assets/Packages/Flooded_Grounds/Content/Materials/PROP_Ship1.mat
  artifactKey: Guid(e2d702a05fd4a344bb9138058c882de9) Importer(815301076,1909f56bfc062723c751e8b465ee728b)
Start importing Assets/Packages/Flooded_Grounds/Content/Materials/PROP_Ship1.mat using Guid(e2d702a05fd4a344bb9138058c882de9) Importer(815301076,1909f56bfc062723c751e8b465ee728b)  -> (artifact id: '07474451c14f86a28a02a1756c52eaa3') in 0.053505 seconds
Number of updated asset objects reloaded before import = 0
Number of asset objects unloaded after import = 10
========================================================================
Received Import Request.
  Time since last request: 0.000035 seconds.
  path: Assets/Packages/Flooded_Grounds/Content/Materials/BLD_Doors1.mat
  artifactKey: Guid(7a8d6bb394f243445b9377162ba792a8) Importer(815301076,1909f56bfc062723c751e8b465ee728b)
Start importing Assets/Packages/Flooded_Grounds/Content/Materials/BLD_Doors1.mat using Guid(7a8d6bb394f243445b9377162ba792a8) Importer(815301076,1909f56bfc062723c751e8b465ee728b)  -> (artifact id: 'e5c26e555b850fe0351579649d90a349') in 0.041573 seconds
Number of updated asset objects reloaded before import = 0
Number of asset objects unloaded after import = 6
========================================================================
Received Import Request.
  Time since last request: 0.000032 seconds.
  path: Assets/Packages/Flooded_Grounds/Content/Materials/PROP_SmallProps1.mat
  artifactKey: Guid(fa3b418599852594c8d15fb4d9ce097e) Importer(815301076,1909f56bfc062723c751e8b465ee728b)
Start importing Assets/Packages/Flooded_Grounds/Content/Materials/PROP_SmallProps1.mat using Guid(fa3b418599852594c8d15fb4d9ce097e) Importer(815301076,1909f56bfc062723c751e8b465ee728b)  -> (artifact id: '293be6283f73bd22b19703a4a648bc81') in 0.019425 seconds
Number of updated asset objects reloaded before import = 0
Number of asset objects unloaded after import = 10
========================================================================
Received Import Request.
  Time since last request: 0.000032 seconds.
  path: Assets/Packages/Flooded_Grounds/Content/Materials/BLD_Structures2_LOD.mat
  artifactKey: Guid(0a5e5d99899513c4eb2d420489f08ccd) Importer(815301076,1909f56bfc062723c751e8b465ee728b)
Start importing Assets/Packages/Flooded_Grounds/Content/Materials/BLD_Structures2_LOD.mat using Guid(0a5e5d99899513c4eb2d420489f08ccd) Importer(815301076,1909f56bfc062723c751e8b465ee728b)  -> (artifact id: '6f4ae214241357c9984c3e8b70aa689f') in 0.237506 seconds
Number of updated asset objects reloaded before import = 0
Number of asset objects unloaded after import = 8
========================================================================
Received Import Request.
  Time since last request: 0.000029 seconds.
  path: Assets/Packages/Flooded_Grounds/Content/Materials/BLD_WindowGlass1.mat
  artifactKey: Guid(2b1f4e3c22d03d742a6e1e2e95a7e606) Importer(815301076,1909f56bfc062723c751e8b465ee728b)
Start importing Assets/Packages/Flooded_Grounds/Content/Materials/BLD_WindowGlass1.mat using Guid(2b1f4e3c22d03d742a6e1e2e95a7e606) Importer(815301076,1909f56bfc062723c751e8b465ee728b)  -> (artifact id: '7d3f7d73bd9c80e2018b73f3d74d9e3a') in 0.310098 seconds
Number of updated asset objects reloaded before import = 0
Number of asset objects unloaded after import = 5
========================================================================
Received Import Request.
  Time since last request: 0.000037 seconds.
  path: Assets/Packages/Flooded_Grounds/Content/Materials/BLD_Bridge1_LOD.mat
  artifactKey: Guid(b39a473fb30ef8d44818ba4b9e2eebc0) Importer(815301076,1909f56bfc062723c751e8b465ee728b)
Start importing Assets/Packages/Flooded_Grounds/Content/Materials/BLD_Bridge1_LOD.mat using Guid(b39a473fb30ef8d44818ba4b9e2eebc0) Importer(815301076,1909f56bfc062723c751e8b465ee728b)  -> (artifact id: '87c289ce736b3ba1303f92a9149c9a81') in 0.018827 seconds
Number of updated asset objects reloaded before import = 0
Number of asset objects unloaded after import = 7
========================================================================
Received Import Request.
  Time since last request: 0.000026 seconds.
  path: Assets/Packages/Flooded_Grounds/Content/Materials/BLD_Cabins.mat
  artifactKey: Guid(2d96e79d3d44b824381f64be7765f5c2) Importer(815301076,1909f56bfc062723c751e8b465ee728b)
Start importing Assets/Packages/Flooded_Grounds/Content/Materials/BLD_Cabins.mat using Guid(2d96e79d3d44b824381f64be7765f5c2) Importer(815301076,1909f56bfc062723c751e8b465ee728b)  -> (artifact id: '072e2c23235bb1dca0ceea26864cabd3') in 0.024042 seconds
Number of updated asset objects reloaded before import = 0
Number of asset objects unloaded after import = 9
========================================================================
Received Import Request.
  Time since last request: 0.000056 seconds.
  path: Assets/Packages/Flooded_Grounds/Content/Materials/NAT_Grass.mat
  artifactKey: Guid(c6d8319ab8e4fb64494c4a9e3b97dc9d) Importer(815301076,1909f56bfc062723c751e8b465ee728b)
Start importing Assets/Packages/Flooded_Grounds/Content/Materials/NAT_Grass.mat using Guid(c6d8319ab8e4fb64494c4a9e3b97dc9d) Importer(815301076,1909f56bfc062723c751e8b465ee728b)  -> (artifact id: '3bd546691b26b4004563b9756c071da5') in 0.020725 seconds
Number of updated asset objects reloaded before import = 0
Number of asset objects unloaded after import = 3
========================================================================
Received Import Request.
  Time since last request: 0.000030 seconds.
  path: Assets/Packages/Flooded_Grounds/Content/Materials/PROP_Boat1_LOD.mat
  artifactKey: Guid(1ace8c7ed9e38a342a68c011ae0945e4) Importer(815301076,1909f56bfc062723c751e8b465ee728b)
Start importing Assets/Packages/Flooded_Grounds/Content/Materials/PROP_Boat1_LOD.mat using Guid(1ace8c7ed9e38a342a68c011ae0945e4) Importer(815301076,1909f56bfc062723c751e8b465ee728b)  -> (artifact id: '88a70d9b2ba65fdd82d94c962d197ebc') in 0.015032 seconds
Number of updated asset objects reloaded before import = 0
Number of asset objects unloaded after import = 7
========================================================================
Received Import Request.
  Time since last request: 0.000041 seconds.
  path: Assets/Packages/Flooded_Grounds/Content/Materials/BLD_IndBuilding1.mat
  artifactKey: Guid(94ec8f2f1cb846640aa49d49eba59de3) Importer(815301076,1909f56bfc062723c751e8b465ee728b)
Start importing Assets/Packages/Flooded_Grounds/Content/Materials/BLD_IndBuilding1.mat using Guid(94ec8f2f1cb846640aa49d49eba59de3) Importer(815301076,1909f56bfc062723c751e8b465ee728b)  -> (artifact id: '1cffec9be92ec7c120dc8024889786f6') in 0.029531 seconds
Number of updated asset objects reloaded before import = 0
Number of asset objects unloaded after import = 7
========================================================================
Received Import Request.
  Time since last request: 0.000056 seconds.
  path: Assets/Packages/Flooded_Grounds/Content/Materials/PROP_FlyingSaucer_Mossy.mat
  artifactKey: Guid(5f922f9d8a0eb6b49af35dc7edb53897) Importer(815301076,1909f56bfc062723c751e8b465ee728b)
Start importing Assets/Packages/Flooded_Grounds/Content/Materials/PROP_FlyingSaucer_Mossy.mat using Guid(5f922f9d8a0eb6b49af35dc7edb53897) Importer(815301076,1909f56bfc062723c751e8b465ee728b)  -> (artifact id: 'ff99c8151d1d99eddab365c828485dc9') in 0.014206 seconds
Number of updated asset objects reloaded before import = 0
Number of asset objects unloaded after import = 9
========================================================================
Received Import Request.
  Time since last request: 0.000040 seconds.
  path: Assets/Packages/Flooded_Grounds/Content/Materials/HLP_BlockerCube.mat
  artifactKey: Guid(8f6da883fc822d448a34f8decce1a838) Importer(815301076,1909f56bfc062723c751e8b465ee728b)
Start importing Assets/Packages/Flooded_Grounds/Content/Materials/HLP_BlockerCube.mat using Guid(8f6da883fc822d448a34f8decce1a838) Importer(815301076,1909f56bfc062723c751e8b465ee728b)  -> (artifact id: '85cae0a308effdc6460ecc41adc9caff') in 0.006326 seconds
Number of updated asset objects reloaded before import = 0
Number of asset objects unloaded after import = 2
========================================================================
Received Import Request.
  Time since last request: 0.000031 seconds.
  path: Assets/Packages/Flooded_Grounds/Content/Materials/PROP_RugsPaintings.mat
  artifactKey: Guid(458f47f49073b3c4a9e939caa28cf48c) Importer(815301076,1909f56bfc062723c751e8b465ee728b)
Start importing Assets/Packages/Flooded_Grounds/Content/Materials/PROP_RugsPaintings.mat using Guid(458f47f49073b3c4a9e939caa28cf48c) Importer(815301076,1909f56bfc062723c751e8b465ee728b)  -> (artifact id: '9f93aa041e4ae6541a3dc163d8dd5106') in 0.015672 seconds
Number of updated asset objects reloaded before import = 0
Number of asset objects unloaded after import = 9
========================================================================
Received Import Request.
  Time since last request: 3.286137 seconds.
  path: Assets/Packages/Flooded_Grounds/Content/Meshes
  artifactKey: Guid(b0c2362a8da0821488cf6e1395a8d047) Importer(815301076,1909f56bfc062723c751e8b465ee728b)
Start importing Assets/Packages/Flooded_Grounds/Content/Meshes using Guid(b0c2362a8da0821488cf6e1395a8d047) Importer(815301076,1909f56bfc062723c751e8b465ee728b)  -> (artifact id: '360b4f4388edb245e49366436a35ab00') in 0.000812 seconds
Number of updated asset objects reloaded before import = 0
Number of asset objects unloaded after import = 0
========================================================================
Received Import Request.
  Time since last request: 2.137772 seconds.
  path: Assets/Packages/Flooded_Grounds/Content/Meshes/mAtmospherics
  artifactKey: Guid(805487a4f422dd54f85bfd0809259a64) Importer(815301076,1909f56bfc062723c751e8b465ee728b)
Start importing Assets/Packages/Flooded_Grounds/Content/Meshes/mAtmospherics using Guid(805487a4f422dd54f85bfd0809259a64) Importer(815301076,1909f56bfc062723c751e8b465ee728b)  -> (artifact id: 'ab0aecdd5447052c1cb6b98ec42f3437') in 0.000309 seconds
Number of updated asset objects reloaded before import = 0
Number of asset objects unloaded after import = 0
========================================================================
Received Import Request.
  Time since last request: 8.411179 seconds.
  path: Assets/Packages/Flooded_Grounds/Content/Meshes/mBackgrounds
  artifactKey: Guid(38e0dead2d8f22f498d240e92119a181) Importer(815301076,1909f56bfc062723c751e8b465ee728b)
Start importing Assets/Packages/Flooded_Grounds/Content/Meshes/mBackgrounds using Guid(38e0dead2d8f22f498d240e92119a181) Importer(815301076,1909f56bfc062723c751e8b465ee728b)  -> (artifact id: '8faf43178a22942fc86996c8a819864e') in 0.000372 seconds
Number of updated asset objects reloaded before import = 0
Number of asset objects unloaded after import = 0
========================================================================
Received Import Request.
  Time since last request: 9.849319 seconds.
  path: Assets/Packages/Flooded_Grounds/Content/Meshes/mBuildings
  artifactKey: Guid(934d99a8b748739449ac319435c037bb) Importer(815301076,1909f56bfc062723c751e8b465ee728b)
Start importing Assets/Packages/Flooded_Grounds/Content/Meshes/mBuildings using Guid(934d99a8b748739449ac319435c037bb) Importer(815301076,1909f56bfc062723c751e8b465ee728b)  -> (artifact id: 'c6cca2642a940663d7fa654b5dd1a32f') in 0.000281 seconds
Number of updated asset objects reloaded before import = 0
Number of asset objects unloaded after import = 0
========================================================================
Received Import Request.
  Time since last request: 6.125399 seconds.
  path: Assets/Packages/Flooded_Grounds/Content/Meshes/mHelpers
  artifactKey: Guid(c6ec58525394de44cb5d31ac924d1808) Importer(815301076,1909f56bfc062723c751e8b465ee728b)
Start importing Assets/Packages/Flooded_Grounds/Content/Meshes/mHelpers using Guid(c6ec58525394de44cb5d31ac924d1808) Importer(815301076,1909f56bfc062723c751e8b465ee728b)  -> (artifact id: 'c4f8b909b58f820dcbad5d425889a6d9') in 0.000280 seconds
Number of updated asset objects reloaded before import = 0
Number of asset objects unloaded after import = 0
========================================================================
Received Import Request.
  Time since last request: 33.808805 seconds.
  path: Assets/Packages/Flooded_Grounds/Content/Meshes/mProps
  artifactKey: Guid(bb4c96927a933c048b9235d29b6b187e) Importer(815301076,1909f56bfc062723c751e8b465ee728b)
Start importing Assets/Packages/Flooded_Grounds/Content/Meshes/mProps using Guid(bb4c96927a933c048b9235d29b6b187e) Importer(815301076,1909f56bfc062723c751e8b465ee728b)  -> (artifact id: '1aa551bba355b3f886036af581dfc73a') in 0.000441 seconds
Number of updated asset objects reloaded before import = 0
Number of asset objects unloaded after import = 0
========================================================================
Received Import Request.
  Time since last request: 6.601320 seconds.
  path: Assets/Packages/Flooded_Grounds/Content/Meshes/mNature
  artifactKey: Guid(e4b84be99c335444384c2ebdf9e8c224) Importer(815301076,1909f56bfc062723c751e8b465ee728b)
Start importing Assets/Packages/Flooded_Grounds/Content/Meshes/mNature using Guid(e4b84be99c335444384c2ebdf9e8c224) Importer(815301076,1909f56bfc062723c751e8b465ee728b)  -> (artifact id: '65180c340a6873736afe14eeb5634b63') in 0.000293 seconds
Number of updated asset objects reloaded before import = 0
Number of asset objects unloaded after import = 0
========================================================================
Received Import Request.
  Time since last request: 2.307913 seconds.
  path: Assets/Packages/Flooded_Grounds/Content/Meshes/mNature/mRocks
  artifactKey: Guid(2ff0ecb814f70f74c9c4840ed06c51a3) Importer(815301076,1909f56bfc062723c751e8b465ee728b)
Start importing Assets/Packages/Flooded_Grounds/Content/Meshes/mNature/mRocks using Guid(2ff0ecb814f70f74c9c4840ed06c51a3) Importer(815301076,1909f56bfc062723c751e8b465ee728b)  -> (artifact id: 'caa9a8a0594704248d092b6ba102912e') in 0.000409 seconds
Number of updated asset objects reloaded before import = 0
Number of asset objects unloaded after import = 0
========================================================================
Received Import Request.
  Time since last request: 7.170161 seconds.
  path: Assets/Packages/Flooded_Grounds/Content/Meshes/mNature/mBushes
  artifactKey: Guid(955d649fb90c8e14a984ef31f97a97b8) Importer(815301076,1909f56bfc062723c751e8b465ee728b)
Start importing Assets/Packages/Flooded_Grounds/Content/Meshes/mNature/mBushes using Guid(955d649fb90c8e14a984ef31f97a97b8) Importer(815301076,1909f56bfc062723c751e8b465ee728b)  -> (artifact id: 'f1bbafa49435597fd37b8983474e7ca5') in 0.000315 seconds
Number of updated asset objects reloaded before import = 0
Number of asset objects unloaded after import = 0
========================================================================
Received Import Request.
  Time since last request: 10.542586 seconds.
  path: Assets/Packages/Flooded_Grounds/Content/Shaders
  artifactKey: Guid(d5206a84aefb8db4bb2d6769ddd24be3) Importer(815301076,1909f56bfc062723c751e8b465ee728b)
Start importing Assets/Packages/Flooded_Grounds/Content/Shaders using Guid(d5206a84aefb8db4bb2d6769ddd24be3) Importer(815301076,1909f56bfc062723c751e8b465ee728b)  -> (artifact id: 'f3bffb147c55c67e3494747019c63563') in 0.000287 seconds
Number of updated asset objects reloaded before import = 0
Number of asset objects unloaded after import = 0
========================================================================
Received Import Request.
  Time since last request: 51.163159 seconds.
  path: Assets/Packages/Flooded_Grounds/Content/Sounds
  artifactKey: Guid(6d9f2bd6e3dd4634c9bebf3032a946a9) Importer(815301076,1909f56bfc062723c751e8b465ee728b)
Start importing Assets/Packages/Flooded_Grounds/Content/Sounds using Guid(6d9f2bd6e3dd4634c9bebf3032a946a9) Importer(815301076,1909f56bfc062723c751e8b465ee728b)  -> (artifact id: '37f5f43e1cb2b2a68121a719bd8b2f43') in 0.000569 seconds
Number of updated asset objects reloaded before import = 4
Number of asset objects unloaded after import = 0
========================================================================
Received Import Request.
  Time since last request: 0.014813 seconds.
  path: Assets/Packages/Flooded_Grounds/Content/Sounds/DeepRattle.mp3
  artifactKey: Guid(da24e095fcd8c4a40816d0c04528c263) Importer(815301076,1909f56bfc062723c751e8b465ee728b)
Start importing Assets/Packages/Flooded_Grounds/Content/Sounds/DeepRattle.mp3 using Guid(da24e095fcd8c4a40816d0c04528c263) Importer(815301076,1909f56bfc062723c751e8b465ee728b)  -> (artifact id: '52a6b3b2f7199d260c48cea489ee4407') in 0.100551 seconds
Number of updated asset objects reloaded before import = 0
Number of asset objects unloaded after import = 2
========================================================================
Received Import Request.
  Time since last request: 0.000031 seconds.
  path: Assets/Packages/Flooded_Grounds/Content/Sounds/Wind.mp3
  artifactKey: Guid(2dc9a029d0f6a4d4f95eca9f86b410f2) Importer(815301076,1909f56bfc062723c751e8b465ee728b)
Start importing Assets/Packages/Flooded_Grounds/Content/Sounds/Wind.mp3 using Guid(2dc9a029d0f6a4d4f95eca9f86b410f2) Importer(815301076,1909f56bfc062723c751e8b465ee728b)  -> (artifact id: '88e7377d96f4e89fa964cc7c1e3b300c') in 0.060139 seconds
Number of updated asset objects reloaded before import = 0
Number of asset objects unloaded after import = 2
========================================================================
Received Import Request.
  Time since last request: 0.000032 seconds.
  path: Assets/Packages/Flooded_Grounds/Content/Sounds/LeafRustle.mp3
  artifactKey: Guid(0064191e8aa6fc945aefce68dc3e44ad) Importer(815301076,1909f56bfc062723c751e8b465ee728b)
Start importing Assets/Packages/Flooded_Grounds/Content/Sounds/LeafRustle.mp3 using Guid(0064191e8aa6fc945aefce68dc3e44ad) Importer(815301076,1909f56bfc062723c751e8b465ee728b)  -> (artifact id: 'fff88ece15c2be3e9602d7d935c3f126') in 0.017490 seconds
Number of updated asset objects reloaded before import = 0
Number of asset objects unloaded after import = 2
========================================================================
Received Import Request.
  Time since last request: 5.263613 seconds.
  path: Assets/Packages/Flooded_Grounds/Content/Textures
  artifactKey: Guid(f65e913b798083a4a8e3e24e0ec815ce) Importer(815301076,1909f56bfc062723c751e8b465ee728b)
Start importing Assets/Packages/Flooded_Grounds/Content/Textures using Guid(f65e913b798083a4a8e3e24e0ec815ce) Importer(815301076,1909f56bfc062723c751e8b465ee728b)  -> (artifact id: 'ebba68e74109ee2f76b336e9b4c9581d') in 0.000309 seconds
Number of updated asset objects reloaded before import = 0
Number of asset objects unloaded after import = 0
========================================================================
Received Import Request.
  Time since last request: 3.197399 seconds.
  path: Assets/Packages/Flooded_Grounds/Content/Trees
  artifactKey: Guid(e6410395bbd497946b75c7423e2c5971) Importer(815301076,1909f56bfc062723c751e8b465ee728b)
Start importing Assets/Packages/Flooded_Grounds/Content/Trees using Guid(e6410395bbd497946b75c7423e2c5971) Importer(815301076,1909f56bfc062723c751e8b465ee728b)  -> (artifact id: '3bd7316546ef302e592e791340a9b925') in 0.000386 seconds
Number of updated asset objects reloaded before import = 0
Number of asset objects unloaded after import = 0
========================================================================
Received Import Request.
  Time since last request: 1.676598 seconds.
  path: Assets/Packages/Flooded_Grounds/Content/Trees/SrcTextures
  artifactKey: Guid(2eca1abe9e549844ba1434ba7a1ab576) Importer(815301076,1909f56bfc062723c751e8b465ee728b)
Start importing Assets/Packages/Flooded_Grounds/Content/Trees/SrcTextures using Guid(2eca1abe9e549844ba1434ba7a1ab576) Importer(815301076,1909f56bfc062723c751e8b465ee728b)  -> (artifact id: '930c2d105b8f424206b3e76a04570673') in 0.000322 seconds
Number of updated asset objects reloaded before import = 0
Number of asset objects unloaded after import = 0
========================================================================
Received Import Request.
  Time since last request: 34.887090 seconds.
  path: Assets/Packages/Flooded_Grounds/PostProcessing/Utilities
  artifactKey: Guid(478d405e757b044f2bd9c4b777026b7e) Importer(815301076,1909f56bfc062723c751e8b465ee728b)
Start importing Assets/Packages/Flooded_Grounds/PostProcessing/Utilities using Guid(478d405e757b044f2bd9c4b777026b7e) Importer(815301076,1909f56bfc062723c751e8b465ee728b)  -> (artifact id: '2fd5022a4b8b3d3b21b20db568c1df49') in 0.000286 seconds
Number of updated asset objects reloaded before import = 0
Number of asset objects unloaded after import = 0
========================================================================
Received Import Request.
  Time since last request: 6.000727 seconds.
  path: Assets/Packages/Flooded_Grounds/Prefabs/Nature/Trees/TreeCreator_Bush_A.prefab
  artifactKey: Guid(2c33c759b6bfb1448a79429a0c761b44) Importer(815301076,1909f56bfc062723c751e8b465ee728b)
Start importing Assets/Packages/Flooded_Grounds/Prefabs/Nature/Trees/TreeCreator_Bush_A.prefab using Guid(2c33c759b6bfb1448a79429a0c761b44) Importer(815301076,1909f56bfc062723c751e8b465ee728b)  -> (artifact id: '1451b1e28fa24f243e740010f87db4e9') in 0.110994 seconds
Number of updated asset objects reloaded before import = 0
Number of asset objects unloaded after import = 15
========================================================================
Received Import Request.
  Time since last request: 0.000049 seconds.
  path: Assets/Packages/Flooded_Grounds/Prefabs/Nature/Trees/TreeCreator_Tall_A.prefab
  artifactKey: Guid(76221aed845c98e4482cc2856cc7257d) Importer(815301076,1909f56bfc062723c751e8b465ee728b)
Start importing Assets/Packages/Flooded_Grounds/Prefabs/Nature/Trees/TreeCreator_Tall_A.prefab using Guid(76221aed845c98e4482cc2856cc7257d) Importer(815301076,1909f56bfc062723c751e8b465ee728b)  -> (artifact id: 'da38f1f1e7225eb35e8cb2b2bb06a31b') in 0.021682 seconds
Number of updated asset objects reloaded before import = 0
Number of asset objects unloaded after import = 15
========================================================================
Received Import Request.
  Time since last request: 0.000021 seconds.
  path: Assets/Packages/Flooded_Grounds/Prefabs/Nature/Trees/TreeCreator_Small_B.prefab
  artifactKey: Guid(01643aaa7b23a2a45a76b3dc86715fab) Importer(815301076,1909f56bfc062723c751e8b465ee728b)
Start importing Assets/Packages/Flooded_Grounds/Prefabs/Nature/Trees/TreeCreator_Small_B.prefab using Guid(01643aaa7b23a2a45a76b3dc86715fab) Importer(815301076,1909f56bfc062723c751e8b465ee728b)  -> (artifact id: '16a38087d277c64a6b06c0e9475fc82a') in 0.018515 seconds
Number of updated asset objects reloaded before import = 0
Number of asset objects unloaded after import = 15
========================================================================
Received Import Request.
  Time since last request: 0.000032 seconds.
  path: Assets/Packages/Flooded_Grounds/Prefabs/Nature/Trees/TreeCreator_Tall_B.prefab
  artifactKey: Guid(bf68be3621a129c48b56c6ffde6f3f7f) Importer(815301076,1909f56bfc062723c751e8b465ee728b)
Start importing Assets/Packages/Flooded_Grounds/Prefabs/Nature/Trees/TreeCreator_Tall_B.prefab using Guid(bf68be3621a129c48b56c6ffde6f3f7f) Importer(815301076,1909f56bfc062723c751e8b465ee728b)  -> (artifact id: '82405ba0f8749eea06c23923101758d3') in 0.015342 seconds
Number of updated asset objects reloaded before import = 0
Number of asset objects unloaded after import = 15
========================================================================
Received Import Request.
  Time since last request: 0.000029 seconds.
  path: Assets/Packages/Flooded_Grounds/Prefabs/Nature/Trees/TreeCreator_Tall_C_Dead.prefab
  artifactKey: Guid(1175c4563a5b466479faa3985e452631) Importer(815301076,1909f56bfc062723c751e8b465ee728b)
Start importing Assets/Packages/Flooded_Grounds/Prefabs/Nature/Trees/TreeCreator_Tall_C_Dead.prefab using Guid(1175c4563a5b466479faa3985e452631) Importer(815301076,1909f56bfc062723c751e8b465ee728b)  -> (artifact id: 'a8c83028f40edf298b4b0f45e9a46559') in 0.019260 seconds
Number of updated asset objects reloaded before import = 0
Number of asset objects unloaded after import = 15
========================================================================
Received Import Request.
  Time since last request: 15.670561 seconds.
  path: Assets/Packages/Flooded_Grounds/Resources
  artifactKey: Guid(c2c46ca95baa6014f8c9896a82e37e7d) Importer(815301076,1909f56bfc062723c751e8b465ee728b)
Start importing Assets/Packages/Flooded_Grounds/Resources using Guid(c2c46ca95baa6014f8c9896a82e37e7d) Importer(815301076,1909f56bfc062723c751e8b465ee728b)  -> (artifact id: 'ba465a51770682bf2c33feef66e7b12e') in 0.000537 seconds
Number of updated asset objects reloaded before import = 0
Number of asset objects unloaded after import = 0
========================================================================
Received Import Request.
  Time since last request: 2.474634 seconds.
  path: Assets/Packages/Flooded_Grounds/Resources/WavingGrass.shader
  artifactKey: Guid(db31f891f3edf1e49bcd407afef5c3da) Importer(815301076,1909f56bfc062723c751e8b465ee728b)
Start importing Assets/Packages/Flooded_Grounds/Resources/WavingGrass.shader using Guid(db31f891f3edf1e49bcd407afef5c3da) Importer(815301076,1909f56bfc062723c751e8b465ee728b)  -> (artifact id: '5d1260475bf93f02d0a36ec35064790b') in 0.000572 seconds
Number of updated asset objects reloaded before import = 0
Number of asset objects unloaded after import = 0
========================================================================
Received Import Request.
  Time since last request: 1.319038 seconds.
  path: Assets/Packages/Flooded_Grounds/Resources/TreeCreator
  artifactKey: Guid(246dd06fbc9340a41b8ab4ec7367e587) Importer(815301076,1909f56bfc062723c751e8b465ee728b)
Start importing Assets/Packages/Flooded_Grounds/Resources/TreeCreator using Guid(246dd06fbc9340a41b8ab4ec7367e587) Importer(815301076,1909f56bfc062723c751e8b465ee728b)  -> (artifact id: '92fc8fde067f77a51d607a20b3a03ccc') in 0.000297 seconds
Number of updated asset objects reloaded before import = 0
Number of asset objects unloaded after import = 0
========================================================================
Received Import Request.
  Time since last request: 18.187493 seconds.
  path: Assets/Packages/IgniteCoders/Simple Water Shader
  artifactKey: Guid(11960379c4fcc4a0dae21cd5ed1bed61) Importer(815301076,1909f56bfc062723c751e8b465ee728b)
Start importing Assets/Packages/IgniteCoders/Simple Water Shader using Guid(11960379c4fcc4a0dae21cd5ed1bed61) Importer(815301076,1909f56bfc062723c751e8b465ee728b)  -> (artifact id: 'c899873f85a74e05970a9c0601e78d0c') in 0.000302 seconds
Number of updated asset objects reloaded before import = 4
Number of asset objects unloaded after import = 0
========================================================================
Received Import Request.
  Time since last request: 0.969540 seconds.
  path: Assets/Packages/IgniteCoders/Simple Water Shader/Resources
  artifactKey: Guid(dc77ad855be57214eb39fd06212f2ce4) Importer(815301076,1909f56bfc062723c751e8b465ee728b)
Start importing Assets/Packages/IgniteCoders/Simple Water Shader/Resources using Guid(dc77ad855be57214eb39fd06212f2ce4) Importer(815301076,1909f56bfc062723c751e8b465ee728b)  -> (artifact id: '129d27998a00777bb7c7af134c129d44') in 0.000287 seconds
Number of updated asset objects reloaded before import = 0
Number of asset objects unloaded after import = 0
========================================================================
Received Import Request.
  Time since last request: 9.052340 seconds.
  path: Assets/Packages/Mars Landscape 3D/Resources/Materials/Dust.mat
  artifactKey: Guid(f35383bc9e18b4381af109e7608ac5d9) Importer(815301076,1909f56bfc062723c751e8b465ee728b)
Start importing Assets/Packages/Mars Landscape 3D/Resources/Materials/Dust.mat using Guid(f35383bc9e18b4381af109e7608ac5d9) Importer(815301076,1909f56bfc062723c751e8b465ee728b)  -> (artifact id: '6733f46381b565388ea4bd68cc171fab') in 0.075270 seconds
Number of updated asset objects reloaded before import = 0
Number of asset objects unloaded after import = 2
========================================================================
Received Import Request.
  Time since last request: 0.000077 seconds.
  path: Assets/Packages/Mars Landscape 3D/Resources/Materials/Skybox.mat
  artifactKey: Guid(23916da3af1104b4abeb3b9be53334b1) Importer(815301076,1909f56bfc062723c751e8b465ee728b)
Start importing Assets/Packages/Mars Landscape 3D/Resources/Materials/Skybox.mat using Guid(23916da3af1104b4abeb3b9be53334b1) Importer(815301076,1909f56bfc062723c751e8b465ee728b)  -> (artifact id: 'f2d666edd058edad7b44af70f272f75d') in 0.092901 seconds
Number of updated asset objects reloaded before import = 0
Number of asset objects unloaded after import = 1
========================================================================
Received Import Request.
  Time since last request: 3.893882 seconds.
  path: Assets/Packages/Mars Landscape 3D/Resources/Geometry
  artifactKey: Guid(f344c4f9f564a4050b72b062cb96f0c1) Importer(815301076,1909f56bfc062723c751e8b465ee728b)
Start importing Assets/Packages/Mars Landscape 3D/Resources/Geometry using Guid(f344c4f9f564a4050b72b062cb96f0c1) Importer(815301076,1909f56bfc062723c751e8b465ee728b)  -> (artifact id: '7bb1504ad5e527c649a3fa3269f4b685') in 0.000387 seconds
Number of updated asset objects reloaded before import = 0
Number of asset objects unloaded after import = 0
========================================================================
Received Import Request.
  Time since last request: 11.547670 seconds.
  path: Assets/Packages/Mars Landscape 3D/Resources/Sounds
  artifactKey: Guid(f71a3c01ee79644a7959c4b9c43ad989) Importer(815301076,1909f56bfc062723c751e8b465ee728b)
Start importing Assets/Packages/Mars Landscape 3D/Resources/Sounds using Guid(f71a3c01ee79644a7959c4b9c43ad989) Importer(815301076,1909f56bfc062723c751e8b465ee728b)  -> (artifact id: 'c312f619739e486415a6ed8ae93ee4aa') in 0.000309 seconds
Number of updated asset objects reloaded before import = 0
Number of asset objects unloaded after import = 0
========================================================================
Received Import Request.
  Time since last request: 0.028999 seconds.
  path: Assets/Packages/Mars Landscape 3D/Resources/Sounds/Wind.wav
  artifactKey: Guid(df81ff13b4e27490a97d74c1f325fe4e) Importer(815301076,1909f56bfc062723c751e8b465ee728b)
Start importing Assets/Packages/Mars Landscape 3D/Resources/Sounds/Wind.wav using Guid(df81ff13b4e27490a97d74c1f325fe4e) Importer(815301076,1909f56bfc062723c751e8b465ee728b)  -> (artifact id: 'a900ba5322f24274cde0007cf4087a29') in 0.114289 seconds
Number of updated asset objects reloaded before import = 0
Number of asset objects unloaded after import = 2
========================================================================
Received Import Request.
  Time since last request: 12.183478 seconds.
  path: Assets/Packages/Mars Landscape 3D/Prefabs/ML3D_Rocks_00_00.prefab
  artifactKey: Guid(719667f2035d442a8b6fc78d6a10a7fa) Importer(815301076,1909f56bfc062723c751e8b465ee728b)
Start importing Assets/Packages/Mars Landscape 3D/Prefabs/ML3D_Rocks_00_00.prefab using Guid(719667f2035d442a8b6fc78d6a10a7fa) Importer(815301076,1909f56bfc062723c751e8b465ee728b)  -> (artifact id: 'd850c6e8991aae08f3231b99e40d70ed') in 0.001495 seconds
Number of updated asset objects reloaded before import = 0
Number of asset objects unloaded after import = 7
========================================================================
Received Import Request.
  Time since last request: 0.000046 seconds.
  path: Assets/Packages/Mars Landscape 3D/Prefabs/ML3D_Rocks_01_02.prefab
  artifactKey: Guid(668d533b4cc604279955870abf757506) Importer(815301076,1909f56bfc062723c751e8b465ee728b)
Start importing Assets/Packages/Mars Landscape 3D/Prefabs/ML3D_Rocks_01_02.prefab using Guid(668d533b4cc604279955870abf757506) Importer(815301076,1909f56bfc062723c751e8b465ee728b)  -> (artifact id: '0797c6576bd3a570baacb9c1fbe459c9') in 0.001130 seconds
Number of updated asset objects reloaded before import = 0
Number of asset objects unloaded after import = 7
========================================================================
Received Import Request.
  Time since last request: 0.000057 seconds.
  path: Assets/Packages/Mars Landscape 3D/Prefabs/ML3D_Rocks_02_04.prefab
  artifactKey: Guid(440ddc44bdac1465b9960626412666aa) Importer(815301076,1909f56bfc062723c751e8b465ee728b)
Start importing Assets/Packages/Mars Landscape 3D/Prefabs/ML3D_Rocks_02_04.prefab using Guid(440ddc44bdac1465b9960626412666aa) Importer(815301076,1909f56bfc062723c751e8b465ee728b)  -> (artifact id: '385bac8845b3c3d90077c0bb6353d073') in 0.001156 seconds
Number of updated asset objects reloaded before import = 0
Number of asset objects unloaded after import = 7
========================================================================
Received Import Request.
  Time since last request: 0.000036 seconds.
  path: Assets/Packages/Mars Landscape 3D/Prefabs/ML3D_Rocks_01_01.prefab
  artifactKey: Guid(ab9eddba29a1e475da0bb23451afb3d1) Importer(815301076,1909f56bfc062723c751e8b465ee728b)
Start importing Assets/Packages/Mars Landscape 3D/Prefabs/ML3D_Rocks_01_01.prefab using Guid(ab9eddba29a1e475da0bb23451afb3d1) Importer(815301076,1909f56bfc062723c751e8b465ee728b)  -> (artifact id: 'b4d4681d7b44dfc02e72861d0bb11c55') in 0.001127 seconds
Number of updated asset objects reloaded before import = 0
Number of asset objects unloaded after import = 7
========================================================================
Received Import Request.
  Time since last request: 0.000030 seconds.
  path: Assets/Packages/Mars Landscape 3D/Prefabs/ML3D_Rocks_02_00.prefab
  artifactKey: Guid(916c49c1725b444db83f8ccd1f04c5fd) Importer(815301076,1909f56bfc062723c751e8b465ee728b)
Start importing Assets/Packages/Mars Landscape 3D/Prefabs/ML3D_Rocks_02_00.prefab using Guid(916c49c1725b444db83f8ccd1f04c5fd) Importer(815301076,1909f56bfc062723c751e8b465ee728b)  -> (artifact id: '0db22df4358a2f98e99a43c514773ac5') in 0.000995 seconds
Number of updated asset objects reloaded before import = 0
Number of asset objects unloaded after import = 7
========================================================================
Received Import Request.
  Time since last request: 0.000037 seconds.
  path: Assets/Packages/Mars Landscape 3D/Prefabs/ML3D_Rocks_00_03.prefab
  artifactKey: Guid(47020d386b9454617bc9f694b04dc18d) Importer(815301076,1909f56bfc062723c751e8b465ee728b)
Start importing Assets/Packages/Mars Landscape 3D/Prefabs/ML3D_Rocks_00_03.prefab using Guid(47020d386b9454617bc9f694b04dc18d) Importer(815301076,1909f56bfc062723c751e8b465ee728b)  -> (artifact id: 'df7d0bebfa804e6b551aa4b190ce63ec') in 0.001131 seconds
Number of updated asset objects reloaded before import = 0
Number of asset objects unloaded after import = 7
========================================================================
Received Import Request.
  Time since last request: 15.662130 seconds.
  path: Assets/Packages/MicroVerse-Extras/Terrain Textures/Content
  artifactKey: Guid(1f1139fd079e3fa409947c254b71079a) Importer(815301076,1909f56bfc062723c751e8b465ee728b)
Start importing Assets/Packages/MicroVerse-Extras/Terrain Textures/Content using Guid(1f1139fd079e3fa409947c254b71079a) Importer(815301076,1909f56bfc062723c751e8b465ee728b)  -> (artifact id: '095df3c3bec1747ed7fd35842aadbd82') in 0.000305 seconds
Number of updated asset objects reloaded before import = 0
Number of asset objects unloaded after import = 0
========================================================================
Received Import Request.
  Time since last request: 0.035541 seconds.
  path: Assets/Packages/MicroVerse-Extras/Terrain Textures/Content/MVETerrainTextureCollection.asset
  artifactKey: Guid(b8b3f8b3cd1b7904cb7a901e1ca176e3) Importer(815301076,1909f56bfc062723c751e8b465ee728b)
Start importing Assets/Packages/MicroVerse-Extras/Terrain Textures/Content/MVETerrainTextureCollection.asset using Guid(b8b3f8b3cd1b7904cb7a901e1ca176e3) Importer(815301076,1909f56bfc062723c751e8b465ee728b)  -> (artifact id: '3efaaf864fcf5e1c3cfbb92e2c54ccfd') in 0.001550 seconds
Number of updated asset objects reloaded before import = 0
Number of asset objects unloaded after import = 1
========================================================================
Received Import Request.
  Time since last request: 2.081074 seconds.
  path: Assets/Packages/MicroVerse-Extras/Terrain Textures/Content/Prefabs
  artifactKey: Guid(6456cf5bd1c8cfd43beeedbd845216fa) Importer(815301076,1909f56bfc062723c751e8b465ee728b)
Start importing Assets/Packages/MicroVerse-Extras/Terrain Textures/Content/Prefabs using Guid(6456cf5bd1c8cfd43beeedbd845216fa) Importer(815301076,1909f56bfc062723c751e8b465ee728b)  -> (artifact id: '85a27d3eadd939d2cbe29d91c194fe61') in 0.000280 seconds
Number of updated asset objects reloaded before import = 0
Number of asset objects unloaded after import = 0
========================================================================
Received Import Request.
  Time since last request: 1.085514 seconds.
  path: Assets/Packages/MicroVerse-Extras/Terrain Textures/Content/Prefabs/Texture
  artifactKey: Guid(ca25a138fad0e6c448cd2e98cf1df1d3) Importer(815301076,1909f56bfc062723c751e8b465ee728b)
Start importing Assets/Packages/MicroVerse-Extras/Terrain Textures/Content/Prefabs/Texture using Guid(ca25a138fad0e6c448cd2e98cf1df1d3) Importer(815301076,1909f56bfc062723c751e8b465ee728b)  -> (artifact id: '1bd2b8c4bfc0ec8e80acbcce03535c13') in 0.000267 seconds
Number of updated asset objects reloaded before import = 0
Number of asset objects unloaded after import = 0
========================================================================
Received Import Request.
  Time since last request: 3.698668 seconds.
  path: Assets/Packages/MicroVerse-Extras/Terrain Textures/Demo
  artifactKey: Guid(5024fd46509ff3245b0bc91b4abb900f) Importer(815301076,1909f56bfc062723c751e8b465ee728b)
Start importing Assets/Packages/MicroVerse-Extras/Terrain Textures/Demo using Guid(5024fd46509ff3245b0bc91b4abb900f) Importer(815301076,1909f56bfc062723c751e8b465ee728b)  -> (artifact id: 'd786df3e609cd2087e48ffdcb9359ae4') in 0.000365 seconds
Number of updated asset objects reloaded before import = 0
Number of asset objects unloaded after import = 0
========================================================================
Received Import Request.
  Time since last request: 5.876899 seconds.
  path: Assets/Packages/MicroVerse-Extras/Terrain Textures/Documentation
  artifactKey: Guid(b85960f5896787e469c72a320f9c1b87) Importer(815301076,1909f56bfc062723c751e8b465ee728b)
Start importing Assets/Packages/MicroVerse-Extras/Terrain Textures/Documentation using Guid(b85960f5896787e469c72a320f9c1b87) Importer(815301076,1909f56bfc062723c751e8b465ee728b)  -> (artifact id: '0a8a4da95e8367e01eb15215af7d95d3') in 0.000288 seconds
Number of updated asset objects reloaded before import = 0
Number of asset objects unloaded after import = 0
========================================================================
Received Import Request.
  Time since last request: 7.092807 seconds.
  path: Assets/Packages/MicroVerse-Extras/Terrain Textures/Layers
  artifactKey: Guid(79675092d25fe4c4ebfca0e4babfe6e8) Importer(815301076,1909f56bfc062723c751e8b465ee728b)
Start importing Assets/Packages/MicroVerse-Extras/Terrain Textures/Layers using Guid(79675092d25fe4c4ebfca0e4babfe6e8) Importer(815301076,1909f56bfc062723c751e8b465ee728b)  -> (artifact id: 'c379d5513804f8abe38819af99943e6b') in 0.000284 seconds
Number of updated asset objects reloaded before import = 0
Number of asset objects unloaded after import = 0
========================================================================
Received Import Request.
  Time since last request: 2.300642 seconds.
  path: Assets/Packages/MicroVerse-Extras/Terrain Textures/Textures
  artifactKey: Guid(f8a646fd4bed5214586e37d894c4e054) Importer(815301076,1909f56bfc062723c751e8b465ee728b)
Start importing Assets/Packages/MicroVerse-Extras/Terrain Textures/Textures using Guid(f8a646fd4bed5214586e37d894c4e054) Importer(815301076,1909f56bfc062723c751e8b465ee728b)  -> (artifact id: '522cf8e5787ea2d8481d592327753346') in 0.000289 seconds
Number of updated asset objects reloaded before import = 0
Number of asset objects unloaded after import = 0
========================================================================
Received Import Request.
  Time since last request: 11.072783 seconds.
  path: Assets/Packages/TerrainSampleAssets/Materials/Grass.asset
  artifactKey: Guid(fc123ab8f2eb56945b5849155624e2c0) Importer(815301076,1909f56bfc062723c751e8b465ee728b)
Start importing Assets/Packages/TerrainSampleAssets/Materials/Grass.asset using Guid(fc123ab8f2eb56945b5849155624e2c0) Importer(815301076,1909f56bfc062723c751e8b465ee728b)  -> (artifact id: '883b9ffaee757363ce2a32149ce1bdd3') in 0.046155 seconds
Number of updated asset objects reloaded before import = 0
Number of asset objects unloaded after import = 5
========================================================================
Received Import Request.
  Time since last request: 1.995521 seconds.
  path: Assets/Packages/TerrainSampleAssets/Models
  artifactKey: Guid(a1bf8640a3ac9344fa3714a5a9561084) Importer(815301076,1909f56bfc062723c751e8b465ee728b)
Start importing Assets/Packages/TerrainSampleAssets/Models using Guid(a1bf8640a3ac9344fa3714a5a9561084) Importer(815301076,1909f56bfc062723c751e8b465ee728b)  -> (artifact id: '43e525e1c4b0166ee03850eb67722215') in 0.000412 seconds
Number of updated asset objects reloaded before import = 0
Number of asset objects unloaded after import = 0
========================================================================
Received Import Request.
  Time since last request: 1.961852 seconds.
  path: Assets/Packages/TerrainSampleAssets/Settings
  artifactKey: Guid(4a8e2c12196417f47b331e627f84ccea) Importer(815301076,1909f56bfc062723c751e8b465ee728b)
Start importing Assets/Packages/TerrainSampleAssets/Settings using Guid(4a8e2c12196417f47b331e627f84ccea) Importer(815301076,1909f56bfc062723c751e8b465ee728b)  -> (artifact id: 'fffe6e548c3e1ea39a43d9f3735a9e18') in 0.000407 seconds
Number of updated asset objects reloaded before import = 0
Number of asset objects unloaded after import = 0
========================================================================
Received Import Request.
  Time since last request: 0.032215 seconds.
  path: Assets/Packages/TerrainSampleAssets/Settings/FoliageDiffusionProfile.asset
  artifactKey: Guid(a4f9b0b21cfa10140b76854ccb395dcf) Importer(815301076,1909f56bfc062723c751e8b465ee728b)
Start importing Assets/Packages/TerrainSampleAssets/Settings/FoliageDiffusionProfile.asset using Guid(a4f9b0b21cfa10140b76854ccb395dcf) Importer(815301076,1909f56bfc062723c751e8b465ee728b)  -> (artifact id: '6cbf4872d4d0d0a54169a990b24f71eb') in 0.003691 seconds
Number of updated asset objects reloaded before import = 0
Number of asset objects unloaded after import = 1
========================================================================
Received Import Request.
  Time since last request: 2.963194 seconds.
  path: Assets/Packages/TerrainSampleAssets/ShaderGraphs
  artifactKey: Guid(214f6da7065a69346b1ec423d8756968) Importer(815301076,1909f56bfc062723c751e8b465ee728b)
Start importing Assets/Packages/TerrainSampleAssets/ShaderGraphs using Guid(214f6da7065a69346b1ec423d8756968) Importer(815301076,1909f56bfc062723c751e8b465ee728b)  -> (artifact id: '88e2cffc0082039bbf8739a57fd79061') in 0.000432 seconds
Number of updated asset objects reloaded before import = 0
Number of asset objects unloaded after import = 0
========================================================================
Received Import Request.
  Time since last request: 2.427617 seconds.
  path: Assets/Packages/TerrainSampleAssets/TerrainBrushes
  artifactKey: Guid(06d093db78f37314382766fde05acf29) Importer(815301076,1909f56bfc062723c751e8b465ee728b)
Start importing Assets/Packages/TerrainSampleAssets/TerrainBrushes using Guid(06d093db78f37314382766fde05acf29) Importer(815301076,1909f56bfc062723c751e8b465ee728b)  -> (artifact id: '90c03997185907423a1b7a2433fd2b36') in 0.000288 seconds
Number of updated asset objects reloaded before import = 0
Number of asset objects unloaded after import = 0
========================================================================
Received Import Request.
  Time since last request: 0.051349 seconds.
  path: Assets/Packages/TerrainSampleAssets/TerrainBrushes/Noise_Soft_Brush.brush
  artifactKey: Guid(cee96a2661edd1040b6f86ac79ab5fc8) Importer(815301076,1909f56bfc062723c751e8b465ee728b)
Start importing Assets/Packages/TerrainSampleAssets/TerrainBrushes/Noise_Soft_Brush.brush using Guid(cee96a2661edd1040b6f86ac79ab5fc8) Importer(815301076,1909f56bfc062723c751e8b465ee728b)  -> (artifact id: 'c87389e316bc470e1f1ad3289f9d0a97') in 0.061173 seconds
Number of updated asset objects reloaded before import = 0
Number of asset objects unloaded after import = 2
========================================================================
Received Import Request.
  Time since last request: 1.801893 seconds.
  path: Assets/Packages/TerrainSampleAssets/TerrainLayers
  artifactKey: Guid(ed20753031b819c4395a80066949f767) Importer(815301076,1909f56bfc062723c751e8b465ee728b)
Start importing Assets/Packages/TerrainSampleAssets/TerrainLayers using Guid(ed20753031b819c4395a80066949f767) Importer(815301076,1909f56bfc062723c751e8b465ee728b)  -> (artifact id: 'f0d1cce3992289dc373f8db5a90f7430') in 0.000473 seconds
Number of updated asset objects reloaded before import = 0
Number of asset objects unloaded after import = 0
