Unity Editor version:    2022.3.27f1 (73effa14754f)
Branch:                  2022.3/staging
Build type:              Release
Batch mode:              YES
macOS version:           Version 14.6.1 (Build 23G93)
Darwin version:          23.6.0
Architecture:            arm64
Running under Rosetta:   NO
Available memory:        16384 MB
Using pre-set license
Pro License: YES

COMMAND LINE ARGUMENTS:
/Applications/Unity/Hub/Editor/2022.3.27f1/Unity.app/Contents/MacOS/Unity
-adb2
-batchMode
-noUpm
-name
AssetImportWorker1
-projectPath
/Users/mathisvonarb/Documents/Code/Maturaarbeit
-logFile
Logs/AssetImportWorker1.log
-srvPort
52280
Successfully changed project path to: /Users/mathisvonarb/Documents/Code/Maturaarbeit
/Users/mathisvonarb/Documents/Code/Maturaarbeit
[UnityMemory] Configuration Parameters - Can be set up in boot.config
    "memorysetup-bucket-allocator-granularity=16"
    "memorysetup-bucket-allocator-bucket-count=8"
    "memorysetup-bucket-allocator-block-size=33554432"
    "memorysetup-bucket-allocator-block-count=8"
    "memorysetup-main-allocator-block-size=16777216"
    "memorysetup-thread-allocator-block-size=16777216"
    "memorysetup-gfx-main-allocator-block-size=16777216"
    "memorysetup-gfx-thread-allocator-block-size=16777216"
    "memorysetup-cache-allocator-block-size=4194304"
    "memorysetup-typetree-allocator-block-size=2097152"
    "memorysetup-profiler-bucket-allocator-granularity=16"
    "memorysetup-profiler-bucket-allocator-bucket-count=8"
    "memorysetup-profiler-bucket-allocator-block-size=33554432"
    "memorysetup-profiler-bucket-allocator-block-count=8"
    "memorysetup-profiler-allocator-block-size=16777216"
    "memorysetup-profiler-editor-allocator-block-size=1048576"
    "memorysetup-temp-allocator-size-main=16777216"
    "memorysetup-job-temp-allocator-block-size=2097152"
    "memorysetup-job-temp-allocator-block-size-background=1048576"
    "memorysetup-job-temp-allocator-reduction-small-platforms=262144"
    "memorysetup-allocator-temp-initial-block-size-main=262144"
    "memorysetup-allocator-temp-initial-block-size-worker=262144"
    "memorysetup-temp-allocator-size-background-worker=32768"
    "memorysetup-temp-allocator-size-job-worker=262144"
    "memorysetup-temp-allocator-size-preload-manager=33554432"
    "memorysetup-temp-allocator-size-nav-mesh-worker=65536"
    "memorysetup-temp-allocator-size-audio-worker=65536"
    "memorysetup-temp-allocator-size-cloud-worker=32768"
    "memorysetup-temp-allocator-size-gi-baking-worker=262144"
    "memorysetup-temp-allocator-size-gfx=262144"
Player connection [8302071616] Host "[IP] 192.168.0.158 [Port] 0 [Flags] 2 [Guid] 1163790558 [EditorId] 1163790558 [Version] 1048832 [Id] OSXEditor(0,Mathis-MacBook-Pro.local) [Debug] 1 [PackageName] OSXEditor [ProjectName] Editor" joined multi-casting on [225.0.0.222:54997]...

Player connection [8302071616] Host "[IP] 192.168.0.158 [Port] 0 [Flags] 2 [Guid] 1163790558 [EditorId] 1163790558 [Version] 1048832 [Id] OSXEditor(0,Mathis-MacBook-Pro.local) [Debug] 1 [PackageName] OSXEditor [ProjectName] Editor" joined alternative multi-casting on [225.0.0.222:34997]...

[Physics::Module] Initialized MultithreadedJobDispatcher with 7 workers.
Refreshing native plugins compatible for Editor in 21.23 ms, found 3 plugins.
Preloading 0 native plugins for Editor in 0.00 ms.
Initialize engine version: 2022.3.27f1 (73effa14754f)
[Subsystems] Discovering subsystems at path /Applications/Unity/Hub/Editor/2022.3.27f1/Unity.app/Contents/Resources/UnitySubsystems
[Subsystems] Discovering subsystems at path /Users/mathisvonarb/Documents/Code/Maturaarbeit/Assets
GfxDevice: creating device client; threaded=0; jobified=0
 preferred device: Apple M3 (high power)
Metal devices available: 1
0: Apple M3 (high power)
Using device Apple M3 (high power)
Initializing Metal device caps: Apple M3
Initialize mono
Mono path[0] = '/Applications/Unity/Hub/Editor/2022.3.27f1/Unity.app/Contents/Managed'
Mono path[1] = '/Applications/Unity/Hub/Editor/2022.3.27f1/Unity.app/Contents/MonoBleedingEdge/lib/mono/unityjit-macos'
Mono config path = '/Applications/Unity/Hub/Editor/2022.3.27f1/Unity.app/Contents/MonoBleedingEdge/etc'
Using monoOptions --debugger-agent=transport=dt_socket,embedding=1,server=y,suspend=n,address=127.0.0.1:56198
Begin MonoManager ReloadAssembly
Registering precompiled unity dll's ...
Register platform support module: /Applications/Unity/Hub/Editor/2022.3.27f1/PlaybackEngines/WebGLSupport/UnityEditor.WebGL.Extensions.dll
Register platform support module: /Applications/Unity/Hub/Editor/2022.3.27f1/Unity.app/Contents/PlaybackEngines/MacStandaloneSupport/UnityEditor.OSXStandalone.Extensions.dll
Registered in 0.002514 seconds.
- Loaded All Assemblies, in  0.182 seconds
Native extension for OSXStandalone target not found
Native extension for WebGL target not found
Mono: successfully reloaded assembly
- Finished resetting the current domain, in  0.120 seconds
Domain Reload Profiling: 301ms
	BeginReloadAssembly (58ms)
		ExecutionOrderSort (0ms)
		DisableScriptedObjects (0ms)
		BackupInstance (0ms)
		ReleaseScriptingObjects (0ms)
		CreateAndSetChildDomain (0ms)
	RebuildCommonClasses (18ms)
	RebuildNativeTypeToScriptingClass (7ms)
	initialDomainReloadingComplete (24ms)
	LoadAllAssembliesAndSetupDomain (75ms)
		LoadAssemblies (59ms)
		RebuildTransferFunctionScriptingTraits (0ms)
		AnalyzeDomain (74ms)
			TypeCache.Refresh (73ms)
				TypeCache.ScanAssembly (66ms)
			ScanForSourceGeneratedMonoScriptInfo (0ms)
			ResolveRequiredComponents (0ms)
	FinalizeReload (120ms)
		ReleaseScriptCaches (0ms)
		RebuildScriptCaches (0ms)
		SetupLoadedEditorAssemblies (91ms)
			LogAssemblyErrors (0ms)
			InitializePlatformSupportModulesInManaged (4ms)
			SetLoadedEditorAssemblies (3ms)
			RefreshPlugins (0ms)
			BeforeProcessingInitializeOnLoad (1ms)
			ProcessInitializeOnLoadAttributes (65ms)
			ProcessInitializeOnLoadMethodAttributes (19ms)
			AfterProcessingInitializeOnLoad (0ms)
			EditorAssembliesLoaded (0ms)
		ExecutionOrderSort2 (0ms)
		AwakeInstancesAfterBackupRestoration (0ms)
========================================================================
Worker process is ready to serve import requests
Begin MonoManager ReloadAssembly
- Loaded All Assemblies, in  0.466 seconds
Refreshing native plugins compatible for Editor in 1.12 ms, found 3 plugins.
Native extension for OSXStandalone target not found
Native extension for WebGL target not found
Package Manager log level set to [2]
[Package Manager] Server::EnsureServerProcessIsRunning -- launch failed, reason: Unity was launched with the -noUpm command-line argument
[Package Manager] UpmClient::Send -- Unable to send message (not connected to UPM process).
[Package Manager] Cannot connect to Unity Package Manager local server
Mono: successfully reloaded assembly
- Finished resetting the current domain, in  0.371 seconds
Domain Reload Profiling: 837ms
	BeginReloadAssembly (65ms)
		ExecutionOrderSort (0ms)
		DisableScriptedObjects (2ms)
		BackupInstance (0ms)
		ReleaseScriptingObjects (0ms)
		CreateAndSetChildDomain (15ms)
	RebuildCommonClasses (19ms)
	RebuildNativeTypeToScriptingClass (7ms)
	initialDomainReloadingComplete (18ms)
	LoadAllAssembliesAndSetupDomain (358ms)
		LoadAssemblies (221ms)
		RebuildTransferFunctionScriptingTraits (0ms)
		AnalyzeDomain (165ms)
			TypeCache.Refresh (145ms)
				TypeCache.ScanAssembly (131ms)
			ScanForSourceGeneratedMonoScriptInfo (12ms)
			ResolveRequiredComponents (7ms)
	FinalizeReload (371ms)
		ReleaseScriptCaches (0ms)
		RebuildScriptCaches (0ms)
		SetupLoadedEditorAssemblies (265ms)
			LogAssemblyErrors (0ms)
			InitializePlatformSupportModulesInManaged (3ms)
			SetLoadedEditorAssemblies (3ms)
			RefreshPlugins (0ms)
			BeforeProcessingInitializeOnLoad (41ms)
			ProcessInitializeOnLoadAttributes (203ms)
			ProcessInitializeOnLoadMethodAttributes (15ms)
			AfterProcessingInitializeOnLoad (0ms)
			EditorAssembliesLoaded (0ms)
		ExecutionOrderSort2 (0ms)
		AwakeInstancesAfterBackupRestoration (1ms)
Launching external process: /Applications/Unity/Hub/Editor/2022.3.27f1/Unity.app/Contents/Tools/UnityShaderCompiler
Launched and connected shader compiler UnityShaderCompiler after 0.02 seconds
Refreshing native plugins compatible for Editor in 1.14 ms, found 3 plugins.
Preloading 0 native plugins for Editor in 0.00 ms.
Unloading 6978 Unused Serialized files (Serialized files now loaded: 0)
Unloading 255 unused Assets / (11.7 MB). Loaded Objects now: 7336.
Memory consumption went from 367.9 MB to 356.2 MB.
Total: 3.991708 ms (FindLiveObjects: 0.208791 ms CreateObjectMapping: 0.073625 ms MarkObjects: 2.114167 ms  DeleteObjects: 1.594792 ms)

AssetImportParameters requested are different than current active one (requested -> active):
  custom:container-demuxer-ogg: 62fdf1f143b41e24485cea50d1cbac27 -> 
  custom:container-muxer-webm: aa71ff27fc2769a1b78a27578f13a17b -> 
  custom:video-decoder-webm-vp8: 9c59270c3fd7afecdb556c50c9e8de78 -> 
  custom:SearchIndexIgnoredProperties: e643bd26f0fe6173181afceb89e7c659 -> 
  custom:AudioImporter_EditorPlatform: 3918e3fc78b5a79bad01e8451be0beb8 -> 
  custom:audio-decoder-ogg-vorbis: bf7c407c2cedff20999df2af8eb42d56 -> 
  custom:audio-encoder-webm-vorbis: bf7c407c2cedff20999df2af8eb42d56 -> 
  custom:video-decoder-ogg-theora: a1e56fd34408186e4bbccfd4996cb3dc -> 
  custom:CustomObjectIndexerAttribute: 72b91833f83ae208fae7752999fa3104 -> 
  custom:container-demuxer-webm: 4f35f7cbe854078d1ac9338744f61a02 -> 
  custom:framework-osx-AVFoundation: e770b220cccbd017edd2c1fefb359320 -> 
  custom:video-encoder-webm-vp8: eb34c28f22e8b96e1ab97ce403110664 -> 
========================================================================
Received Import Request.
  Time since last request: 594546.832329 seconds.
  path: Assets/Packages/Flooded_Grounds/Content/Materials/BLD_BrickHouse1.mat
  artifactKey: Guid(47922826feb9d49488af116a75bc66c4) Importer(815301076,1909f56bfc062723c751e8b465ee728b)
Start importing Assets/Packages/Flooded_Grounds/Content/Materials/BLD_BrickHouse1.mat using Guid(47922826feb9d49488af116a75bc66c4) Importer(815301076,1909f56bfc062723c751e8b465ee728b)  -> (artifact id: '474fa48cd8d9a538c9b38a46c1bce8d4') in 0.311442 seconds
Number of updated asset objects reloaded before import = 0
Number of asset objects unloaded after import = 7
========================================================================
Received Import Request.
  Time since last request: 0.000095 seconds.
  path: Assets/Packages/Flooded_Grounds/Content/Materials/BLD_Church1.mat
  artifactKey: Guid(67839f18cb008324fad823e901f01b33) Importer(815301076,1909f56bfc062723c751e8b465ee728b)
Start importing Assets/Packages/Flooded_Grounds/Content/Materials/BLD_Church1.mat using Guid(67839f18cb008324fad823e901f01b33) Importer(815301076,1909f56bfc062723c751e8b465ee728b)  -> (artifact id: '870bb53d96608bd5c794421b9b22d5b4') in 0.037785 seconds
Number of updated asset objects reloaded before import = 0
Number of asset objects unloaded after import = 7
========================================================================
Received Import Request.
  Time since last request: 0.000025 seconds.
  path: Assets/Packages/Flooded_Grounds/Content/Materials/MSC_HumanScale.mat
  artifactKey: Guid(d43da3634ccda7e4dbfd7e94e3071c6f) Importer(815301076,1909f56bfc062723c751e8b465ee728b)
Start importing Assets/Packages/Flooded_Grounds/Content/Materials/MSC_HumanScale.mat using Guid(d43da3634ccda7e4dbfd7e94e3071c6f) Importer(815301076,1909f56bfc062723c751e8b465ee728b)  -> (artifact id: '8e6f0a1d1c726753a4a5b8b05bda67e0') in 0.005510 seconds
Number of updated asset objects reloaded before import = 0
Number of asset objects unloaded after import = 1
========================================================================
Received Import Request.
  Time since last request: 0.000119 seconds.
  path: Assets/Packages/Flooded_Grounds/Content/Materials/NAT_Rocks1.mat
  artifactKey: Guid(de18bcdd793065b41b94a4fe88816ca2) Importer(815301076,1909f56bfc062723c751e8b465ee728b)
Start importing Assets/Packages/Flooded_Grounds/Content/Materials/NAT_Rocks1.mat using Guid(de18bcdd793065b41b94a4fe88816ca2) Importer(815301076,1909f56bfc062723c751e8b465ee728b)  -> (artifact id: '7ea84aaf9b324c658b6eda5bfebdeb73') in 0.019169 seconds
Number of updated asset objects reloaded before import = 0
Number of asset objects unloaded after import = 8
========================================================================
Received Import Request.
  Time since last request: 0.000070 seconds.
  path: Assets/Packages/Flooded_Grounds/Content/Materials/PROP_Boat1.mat
  artifactKey: Guid(e84fb6d56e433824fad1b71e95adaa05) Importer(815301076,1909f56bfc062723c751e8b465ee728b)
Start importing Assets/Packages/Flooded_Grounds/Content/Materials/PROP_Boat1.mat using Guid(e84fb6d56e433824fad1b71e95adaa05) Importer(815301076,1909f56bfc062723c751e8b465ee728b)  -> (artifact id: '06ddbc3281eace3e821a4f49590d76c9') in 0.046210 seconds
Number of updated asset objects reloaded before import = 0
Number of asset objects unloaded after import = 11
========================================================================
Received Import Request.
  Time since last request: 0.000035 seconds.
  path: Assets/Packages/Flooded_Grounds/Content/Materials/PROP_Cabinets1.mat
  artifactKey: Guid(aa7b4c18d39db534ea65f1fc678cfd24) Importer(815301076,1909f56bfc062723c751e8b465ee728b)
Start importing Assets/Packages/Flooded_Grounds/Content/Materials/PROP_Cabinets1.mat using Guid(aa7b4c18d39db534ea65f1fc678cfd24) Importer(815301076,1909f56bfc062723c751e8b465ee728b)  -> (artifact id: 'c31caaf27ede1639f725806c187de8aa') in 0.020896 seconds
Number of updated asset objects reloaded before import = 0
Number of asset objects unloaded after import = 10
========================================================================
Received Import Request.
  Time since last request: 0.000057 seconds.
  path: Assets/Packages/Flooded_Grounds/Content/Materials/PROP_SmallProps2.mat
  artifactKey: Guid(9107b4df6f0b8d44092ad6117a1db3d4) Importer(815301076,1909f56bfc062723c751e8b465ee728b)
Start importing Assets/Packages/Flooded_Grounds/Content/Materials/PROP_SmallProps2.mat using Guid(9107b4df6f0b8d44092ad6117a1db3d4) Importer(815301076,1909f56bfc062723c751e8b465ee728b)  -> (artifact id: 'd45077fa0220b0180b59c775bb48a4d2') in 0.018188 seconds
Number of updated asset objects reloaded before import = 0
Number of asset objects unloaded after import = 10
========================================================================
Received Import Request.
  Time since last request: 0.000042 seconds.
  path: Assets/Packages/Flooded_Grounds/Content/Materials/BLD_Villa1.mat
  artifactKey: Guid(cabe3fb983aee104ea795ed6af48204a) Importer(815301076,1909f56bfc062723c751e8b465ee728b)
Start importing Assets/Packages/Flooded_Grounds/Content/Materials/BLD_Villa1.mat using Guid(cabe3fb983aee104ea795ed6af48204a) Importer(815301076,1909f56bfc062723c751e8b465ee728b)  -> (artifact id: 'a10251cf1e252d41b38a34e0ce196954') in 0.050520 seconds
Number of updated asset objects reloaded before import = 0
Number of asset objects unloaded after import = 7
========================================================================
Received Import Request.
  Time since last request: 0.000033 seconds.
  path: Assets/Packages/Flooded_Grounds/Content/Materials/BLD_Structures2.mat
  artifactKey: Guid(059f40424b9d4674ebaed350bd5e0c2f) Importer(815301076,1909f56bfc062723c751e8b465ee728b)
Start importing Assets/Packages/Flooded_Grounds/Content/Materials/BLD_Structures2.mat using Guid(059f40424b9d4674ebaed350bd5e0c2f) Importer(815301076,1909f56bfc062723c751e8b465ee728b)  -> (artifact id: '05a8517b537e31fd0ab422eb7a566937') in 0.046133 seconds
Number of updated asset objects reloaded before import = 0
Number of asset objects unloaded after import = 10
========================================================================
Received Import Request.
  Time since last request: 0.000068 seconds.
  path: Assets/Packages/Flooded_Grounds/Content/Materials/NAT_CobbleRocks1.mat
  artifactKey: Guid(eead33dff5f6ab2478ffa03b71e6e931) Importer(815301076,1909f56bfc062723c751e8b465ee728b)
Start importing Assets/Packages/Flooded_Grounds/Content/Materials/NAT_CobbleRocks1.mat using Guid(eead33dff5f6ab2478ffa03b71e6e931) Importer(815301076,1909f56bfc062723c751e8b465ee728b)  -> (artifact id: '8a1eb58079122a677c803abf01244303') in 0.015962 seconds
Number of updated asset objects reloaded before import = 0
Number of asset objects unloaded after import = 8
========================================================================
Received Import Request.
  Time since last request: 0.000032 seconds.
  path: Assets/Packages/Flooded_Grounds/Content/Materials/PROP_Beds1.mat
  artifactKey: Guid(048551a7027c3774882e78dd53e504c7) Importer(815301076,1909f56bfc062723c751e8b465ee728b)
Start importing Assets/Packages/Flooded_Grounds/Content/Materials/PROP_Beds1.mat using Guid(048551a7027c3774882e78dd53e504c7) Importer(815301076,1909f56bfc062723c751e8b465ee728b)  -> (artifact id: '99527c183bf92ee90fdae1c7e09f53a9') in 0.020264 seconds
Number of updated asset objects reloaded before import = 0
Number of asset objects unloaded after import = 10
========================================================================
Received Import Request.
  Time since last request: 0.000026 seconds.
  path: Assets/Packages/Flooded_Grounds/Content/Materials/BLD_Rubble1.mat
  artifactKey: Guid(aa892dd8e16aef04697a0b7649944fd2) Importer(815301076,1909f56bfc062723c751e8b465ee728b)
Start importing Assets/Packages/Flooded_Grounds/Content/Materials/BLD_Rubble1.mat using Guid(aa892dd8e16aef04697a0b7649944fd2) Importer(815301076,1909f56bfc062723c751e8b465ee728b)  -> (artifact id: '6f8bdf1934a2278dd2ebb0d97be7796b') in 0.211725 seconds
Number of updated asset objects reloaded before import = 0
Number of asset objects unloaded after import = 5
========================================================================
Received Import Request.
  Time since last request: 0.000026 seconds.
  path: Assets/Packages/Flooded_Grounds/Content/Materials/HLP_Grid.mat
  artifactKey: Guid(e7336c2c46c86f54b9ad60ce08b10dec) Importer(815301076,1909f56bfc062723c751e8b465ee728b)
Start importing Assets/Packages/Flooded_Grounds/Content/Materials/HLP_Grid.mat using Guid(e7336c2c46c86f54b9ad60ce08b10dec) Importer(815301076,1909f56bfc062723c751e8b465ee728b)  -> (artifact id: '0d5736e2f5402b050b91e34945b197eb') in 0.004318 seconds
Number of updated asset objects reloaded before import = 0
Number of asset objects unloaded after import = 2
========================================================================
Received Import Request.
  Time since last request: 0.000106 seconds.
  path: Assets/Packages/Flooded_Grounds/Content/Materials/BLD_Cabins_Mossy.mat
  artifactKey: Guid(0491e1d077b3ca643a27b77d56cc03b3) Importer(815301076,1909f56bfc062723c751e8b465ee728b)
Start importing Assets/Packages/Flooded_Grounds/Content/Materials/BLD_Cabins_Mossy.mat using Guid(0491e1d077b3ca643a27b77d56cc03b3) Importer(815301076,1909f56bfc062723c751e8b465ee728b)  -> (artifact id: 'fb14de223390d6353e0f57021678a511') in 0.027889 seconds
Number of updated asset objects reloaded before import = 0
Number of asset objects unloaded after import = 10
========================================================================
Received Import Request.
  Time since last request: 0.000033 seconds.
  path: Assets/Packages/Flooded_Grounds/Content/Materials/BLD_Structures1.mat
  artifactKey: Guid(bece166f1833f674d9c16ea5184455ca) Importer(815301076,1909f56bfc062723c751e8b465ee728b)
Start importing Assets/Packages/Flooded_Grounds/Content/Materials/BLD_Structures1.mat using Guid(bece166f1833f674d9c16ea5184455ca) Importer(815301076,1909f56bfc062723c751e8b465ee728b)  -> (artifact id: 'cc87322da4947396493dd0795836ca5b') in 0.028522 seconds
Number of updated asset objects reloaded before import = 0
Number of asset objects unloaded after import = 7
========================================================================
Received Import Request.
  Time since last request: 0.000039 seconds.
  path: Assets/Packages/Flooded_Grounds/Content/Materials/BLD_IndBuilding1_LOD.mat
  artifactKey: Guid(eb205ee712ebdad44846425da33e862d) Importer(815301076,1909f56bfc062723c751e8b465ee728b)
Start importing Assets/Packages/Flooded_Grounds/Content/Materials/BLD_IndBuilding1_LOD.mat using Guid(eb205ee712ebdad44846425da33e862d) Importer(815301076,1909f56bfc062723c751e8b465ee728b)  -> (artifact id: '57450eb751044e2c0f1b22c763d5681c') in 0.229279 seconds
Number of updated asset objects reloaded before import = 0
Number of asset objects unloaded after import = 3
========================================================================
Received Import Request.
  Time since last request: 0.000050 seconds.
  path: Assets/Packages/Flooded_Grounds/Content/Materials/PROP_FlyingSaucer.mat
  artifactKey: Guid(46385e91996627c47a22d186d540d373) Importer(815301076,1909f56bfc062723c751e8b465ee728b)
Start importing Assets/Packages/Flooded_Grounds/Content/Materials/PROP_FlyingSaucer.mat using Guid(46385e91996627c47a22d186d540d373) Importer(815301076,1909f56bfc062723c751e8b465ee728b)  -> (artifact id: '83b2059df64fe57af33e792ddbdab558') in 0.024099 seconds
Number of updated asset objects reloaded before import = 0
Number of asset objects unloaded after import = 11
========================================================================
Received Import Request.
  Time since last request: 0.000025 seconds.
  path: Assets/Packages/Flooded_Grounds/Content/Materials/BLD_Bridge1.mat
  artifactKey: Guid(5a13720bee0f5804d91f33010ed31391) Importer(815301076,1909f56bfc062723c751e8b465ee728b)
Start importing Assets/Packages/Flooded_Grounds/Content/Materials/BLD_Bridge1.mat using Guid(5a13720bee0f5804d91f33010ed31391) Importer(815301076,1909f56bfc062723c751e8b465ee728b)  -> (artifact id: 'a7ffcb35d79c20a95cc6cd667dac5085') in 0.032061 seconds
Number of updated asset objects reloaded before import = 0
Number of asset objects unloaded after import = 10
========================================================================
Received Import Request.
  Time since last request: 0.000035 seconds.
  path: Assets/Packages/Flooded_Grounds/Content/Materials/BLD_Structures1_LOD.mat
  artifactKey: Guid(4868299c5b3ac2848925175126b6d2fa) Importer(815301076,1909f56bfc062723c751e8b465ee728b)
Start importing Assets/Packages/Flooded_Grounds/Content/Materials/BLD_Structures1_LOD.mat using Guid(4868299c5b3ac2848925175126b6d2fa) Importer(815301076,1909f56bfc062723c751e8b465ee728b)  -> (artifact id: '55b323fc5136bfae7fcc4a934d140321') in 0.010272 seconds
Number of updated asset objects reloaded before import = 0
Number of asset objects unloaded after import = 3
========================================================================
Received Import Request.
  Time since last request: 0.000032 seconds.
  path: Assets/Packages/Flooded_Grounds/Content/Materials/PROP_Car1_Rusty.mat
  artifactKey: Guid(a874786ec890ec242b71602e1a9134d3) Importer(815301076,1909f56bfc062723c751e8b465ee728b)
Start importing Assets/Packages/Flooded_Grounds/Content/Materials/PROP_Car1_Rusty.mat using Guid(a874786ec890ec242b71602e1a9134d3) Importer(815301076,1909f56bfc062723c751e8b465ee728b)  -> (artifact id: '2315b1f30ce43dd239201262fb482bf2') in 0.031060 seconds
Number of updated asset objects reloaded before import = 0
Number of asset objects unloaded after import = 9
========================================================================
Received Import Request.
  Time since last request: 0.000030 seconds.
  path: Assets/Packages/Flooded_Grounds/Content/Materials/PROP_Car1.mat
  artifactKey: Guid(7133f30d0d44edd4fa2e40eb012e75ed) Importer(815301076,1909f56bfc062723c751e8b465ee728b)
Start importing Assets/Packages/Flooded_Grounds/Content/Materials/PROP_Car1.mat using Guid(7133f30d0d44edd4fa2e40eb012e75ed) Importer(815301076,1909f56bfc062723c751e8b465ee728b)  -> (artifact id: '58d82fad13e1900520b6c327af802596') in 0.023766 seconds
Number of updated asset objects reloaded before import = 0
Number of asset objects unloaded after import = 9
========================================================================
Received Import Request.
  Time since last request: 0.000040 seconds.
  path: Assets/Packages/Flooded_Grounds/Content/Materials/PROP_ParkBench1.mat
  artifactKey: Guid(c99ab68b85e64f947b9e704d96a4b3b9) Importer(815301076,1909f56bfc062723c751e8b465ee728b)
Start importing Assets/Packages/Flooded_Grounds/Content/Materials/PROP_ParkBench1.mat using Guid(c99ab68b85e64f947b9e704d96a4b3b9) Importer(815301076,1909f56bfc062723c751e8b465ee728b)  -> (artifact id: '9d81f3e48fcc678817c1444809d30101') in 0.019319 seconds
Number of updated asset objects reloaded before import = 0
Number of asset objects unloaded after import = 11
========================================================================
Received Import Request.
  Time since last request: 141.651441 seconds.
  path: Assets/Packages/Flooded_Grounds/Content/Sounds/Horn.mp3
  artifactKey: Guid(560cd90a01d7d4040bfc37a476b2a7a3) Importer(815301076,1909f56bfc062723c751e8b465ee728b)
Start importing Assets/Packages/Flooded_Grounds/Content/Sounds/Horn.mp3 using Guid(560cd90a01d7d4040bfc37a476b2a7a3) Importer(815301076,1909f56bfc062723c751e8b465ee728b)  -> (artifact id: '69b1739aa95f35438e0df175807ad819') in 0.113296 seconds
Number of updated asset objects reloaded before import = 4
Number of asset objects unloaded after import = 2
========================================================================
Received Import Request.
  Time since last request: 0.000051 seconds.
  path: Assets/Packages/Flooded_Grounds/Content/Sounds/WindHowl.mp3
  artifactKey: Guid(232fa66632b579d4cb807897eb2a1c60) Importer(815301076,1909f56bfc062723c751e8b465ee728b)
Start importing Assets/Packages/Flooded_Grounds/Content/Sounds/WindHowl.mp3 using Guid(232fa66632b579d4cb807897eb2a1c60) Importer(815301076,1909f56bfc062723c751e8b465ee728b)  -> (artifact id: '962966660cf2a7536401535394e0a786') in 0.008529 seconds
Number of updated asset objects reloaded before import = 0
Number of asset objects unloaded after import = 2
========================================================================
Received Import Request.
  Time since last request: 0.000034 seconds.
  path: Assets/Packages/Flooded_Grounds/Content/Sounds/Taps.mp3
  artifactKey: Guid(aac2b03c203a5f3438b959e033e7bbdf) Importer(815301076,1909f56bfc062723c751e8b465ee728b)
Start importing Assets/Packages/Flooded_Grounds/Content/Sounds/Taps.mp3 using Guid(aac2b03c203a5f3438b959e033e7bbdf) Importer(815301076,1909f56bfc062723c751e8b465ee728b)  -> (artifact id: 'c3e2dda30e574a285492dff40df07aba') in 0.017548 seconds
Number of updated asset objects reloaded before import = 0
Number of asset objects unloaded after import = 2
========================================================================
Received Import Request.
  Time since last request: 51.136546 seconds.
  path: Assets/Packages/Flooded_Grounds/Prefabs/Nature/Trees/TreeCreator_Crinkly_A.prefab
  artifactKey: Guid(cfe0412d7fa12f243b181e3f547a2294) Importer(815301076,1909f56bfc062723c751e8b465ee728b)
Start importing Assets/Packages/Flooded_Grounds/Prefabs/Nature/Trees/TreeCreator_Crinkly_A.prefab using Guid(cfe0412d7fa12f243b181e3f547a2294) Importer(815301076,1909f56bfc062723c751e8b465ee728b)  -> (artifact id: '726fe9b6e8ed2e1a6e875b7f8411514a') in 0.114581 seconds
Number of updated asset objects reloaded before import = 0
Number of asset objects unloaded after import = 15
========================================================================
Received Import Request.
  Time since last request: 0.000051 seconds.
  path: Assets/Packages/Flooded_Grounds/Prefabs/Nature/Trees/TreeCreator_Tall_C.prefab
  artifactKey: Guid(1833ba93709e80944b9f2627881f3f4c) Importer(815301076,1909f56bfc062723c751e8b465ee728b)
Start importing Assets/Packages/Flooded_Grounds/Prefabs/Nature/Trees/TreeCreator_Tall_C.prefab using Guid(1833ba93709e80944b9f2627881f3f4c) Importer(815301076,1909f56bfc062723c751e8b465ee728b)  -> (artifact id: '0ba894eab5507c0b0c793b6c3e7f633a') in 0.018553 seconds
Number of updated asset objects reloaded before import = 0
Number of asset objects unloaded after import = 15
========================================================================
Received Import Request.
  Time since last request: 0.000015 seconds.
  path: Assets/Packages/Flooded_Grounds/Prefabs/Nature/Trees/TreeCreator_Crinkly_B.prefab
  artifactKey: Guid(1a7d988da17e44741aabfb0c94a2035b) Importer(815301076,1909f56bfc062723c751e8b465ee728b)
Start importing Assets/Packages/Flooded_Grounds/Prefabs/Nature/Trees/TreeCreator_Crinkly_B.prefab using Guid(1a7d988da17e44741aabfb0c94a2035b) Importer(815301076,1909f56bfc062723c751e8b465ee728b)  -> (artifact id: 'ab06e46be0cbc9d86dd9d9f4d8686b36') in 0.018803 seconds
Number of updated asset objects reloaded before import = 0
Number of asset objects unloaded after import = 15
========================================================================
Received Import Request.
  Time since last request: 0.000060 seconds.
  path: Assets/Packages/Flooded_Grounds/Prefabs/Nature/Trees/TreeCreator_Small_A.prefab
  artifactKey: Guid(df52958adb4ad56498c57fde8525380d) Importer(815301076,1909f56bfc062723c751e8b465ee728b)
Start importing Assets/Packages/Flooded_Grounds/Prefabs/Nature/Trees/TreeCreator_Small_A.prefab using Guid(df52958adb4ad56498c57fde8525380d) Importer(815301076,1909f56bfc062723c751e8b465ee728b)  -> (artifact id: '3588ccc292898b4b99535987a389dda8') in 0.015530 seconds
Number of updated asset objects reloaded before import = 0
Number of asset objects unloaded after import = 15
========================================================================
Received Import Request.
  Time since last request: 47.805596 seconds.
  path: Assets/Packages/Mars Landscape 3D/Resources/Materials/ML3D_Rocks_00.mat
  artifactKey: Guid(adf33d9b462294ac4bb0b485c9ecedfc) Importer(815301076,1909f56bfc062723c751e8b465ee728b)
Start importing Assets/Packages/Mars Landscape 3D/Resources/Materials/ML3D_Rocks_00.mat using Guid(adf33d9b462294ac4bb0b485c9ecedfc) Importer(815301076,1909f56bfc062723c751e8b465ee728b)  -> (artifact id: 'ac95d5087a2c2a81d5f57f8c5d22736b') in 0.080527 seconds
Number of updated asset objects reloaded before import = 4
Number of asset objects unloaded after import = 6
========================================================================
Received Import Request.
  Time since last request: 0.000233 seconds.
  path: Assets/Packages/Mars Landscape 3D/Resources/Materials/ML3D_Rocks_02.mat
  artifactKey: Guid(ddbf0e092d7944606a2c5d9bfb10044c) Importer(815301076,1909f56bfc062723c751e8b465ee728b)
Start importing Assets/Packages/Mars Landscape 3D/Resources/Materials/ML3D_Rocks_02.mat using Guid(ddbf0e092d7944606a2c5d9bfb10044c) Importer(815301076,1909f56bfc062723c751e8b465ee728b)  -> (artifact id: 'c24319fe27e5e3179ca3b4b038e5d3f3') in 0.040447 seconds
Number of updated asset objects reloaded before import = 0
Number of asset objects unloaded after import = 6
========================================================================
Received Import Request.
  Time since last request: 0.000033 seconds.
  path: Assets/Packages/Mars Landscape 3D/Resources/Materials/ML3D_Rocks_01.mat
  artifactKey: Guid(f48e1f81b0dd94a4db3205ed848ae5bb) Importer(815301076,1909f56bfc062723c751e8b465ee728b)
Start importing Assets/Packages/Mars Landscape 3D/Resources/Materials/ML3D_Rocks_01.mat using Guid(f48e1f81b0dd94a4db3205ed848ae5bb) Importer(815301076,1909f56bfc062723c751e8b465ee728b)  -> (artifact id: '47a84d8642f399d165179fe81a3c8107') in 0.016296 seconds
Number of updated asset objects reloaded before import = 0
Number of asset objects unloaded after import = 6
========================================================================
Received Import Request.
  Time since last request: 0.000028 seconds.
  path: Assets/Packages/Mars Landscape 3D/Resources/Materials/Sand_Brush.brush
  artifactKey: Guid(2d1331f2b55c943b7b1458348ea6b097) Importer(815301076,1909f56bfc062723c751e8b465ee728b)
Start importing Assets/Packages/Mars Landscape 3D/Resources/Materials/Sand_Brush.brush using Guid(2d1331f2b55c943b7b1458348ea6b097) Importer(815301076,1909f56bfc062723c751e8b465ee728b)  -> (artifact id: '8abb3a366d6536fdf32801e1458a5342') in 0.019046 seconds
Number of updated asset objects reloaded before import = 0
Number of asset objects unloaded after import = 2
========================================================================
Received Import Request.
  Time since last request: 27.810628 seconds.
  path: Assets/Packages/Mars Landscape 3D/Prefabs/ML3D_Rocks_00_01.prefab
  artifactKey: Guid(775a64c5b1b3a4579b68edcdd527cefc) Importer(815301076,1909f56bfc062723c751e8b465ee728b)
Start importing Assets/Packages/Mars Landscape 3D/Prefabs/ML3D_Rocks_00_01.prefab using Guid(775a64c5b1b3a4579b68edcdd527cefc) Importer(815301076,1909f56bfc062723c751e8b465ee728b)  -> (artifact id: 'ad029c688d10129e7cb34a5cf2d88f70') in 0.001326 seconds
Number of updated asset objects reloaded before import = 0
Number of asset objects unloaded after import = 7
========================================================================
Received Import Request.
  Time since last request: 0.000043 seconds.
  path: Assets/Packages/Mars Landscape 3D/Prefabs/ML3D_Rocks_02_03.prefab
  artifactKey: Guid(5d760205a8d1c40a3a26bf909fcc7730) Importer(815301076,1909f56bfc062723c751e8b465ee728b)
Start importing Assets/Packages/Mars Landscape 3D/Prefabs/ML3D_Rocks_02_03.prefab using Guid(5d760205a8d1c40a3a26bf909fcc7730) Importer(815301076,1909f56bfc062723c751e8b465ee728b)  -> (artifact id: 'ecfd48d2baa533a56c8ca7ab1586e77b') in 0.001111 seconds
Number of updated asset objects reloaded before import = 0
Number of asset objects unloaded after import = 7
========================================================================
Received Import Request.
  Time since last request: 0.000037 seconds.
  path: Assets/Packages/Mars Landscape 3D/Prefabs/ML3D_Rocks_01_03.prefab
  artifactKey: Guid(a9d47e8a5c98f498a84556b79162a1cf) Importer(815301076,1909f56bfc062723c751e8b465ee728b)
Start importing Assets/Packages/Mars Landscape 3D/Prefabs/ML3D_Rocks_01_03.prefab using Guid(a9d47e8a5c98f498a84556b79162a1cf) Importer(815301076,1909f56bfc062723c751e8b465ee728b)  -> (artifact id: '803fefde1350551289518400664de85a') in 0.001146 seconds
Number of updated asset objects reloaded before import = 0
Number of asset objects unloaded after import = 7
========================================================================
Received Import Request.
  Time since last request: 0.000037 seconds.
  path: Assets/Packages/Mars Landscape 3D/Prefabs/ML3D_Rocks_02_01.prefab
  artifactKey: Guid(231fc9374d8be493cb2502622a93f1e8) Importer(815301076,1909f56bfc062723c751e8b465ee728b)
Start importing Assets/Packages/Mars Landscape 3D/Prefabs/ML3D_Rocks_02_01.prefab using Guid(231fc9374d8be493cb2502622a93f1e8) Importer(815301076,1909f56bfc062723c751e8b465ee728b)  -> (artifact id: '59cd9c33ae604521d0da2e31d9954297') in 0.001155 seconds
Number of updated asset objects reloaded before import = 0
Number of asset objects unloaded after import = 7
========================================================================
Received Import Request.
  Time since last request: 0.000033 seconds.
  path: Assets/Packages/Mars Landscape 3D/Prefabs/ML3D_Rocks_02_02.prefab
  artifactKey: Guid(71c58b72eff5848b3b4e2897ef6fda92) Importer(815301076,1909f56bfc062723c751e8b465ee728b)
Start importing Assets/Packages/Mars Landscape 3D/Prefabs/ML3D_Rocks_02_02.prefab using Guid(71c58b72eff5848b3b4e2897ef6fda92) Importer(815301076,1909f56bfc062723c751e8b465ee728b)  -> (artifact id: '66f0a4c137bafb5748081df11c50ed7b') in 0.001033 seconds
Number of updated asset objects reloaded before import = 0
Number of asset objects unloaded after import = 7
========================================================================
Received Import Request.
  Time since last request: 0.000035 seconds.
  path: Assets/Packages/Mars Landscape 3D/Prefabs/ML3D_Rocks_01_00.prefab
  artifactKey: Guid(7de0b1ba75ead40c9ba800f7046b9cb0) Importer(815301076,1909f56bfc062723c751e8b465ee728b)
Start importing Assets/Packages/Mars Landscape 3D/Prefabs/ML3D_Rocks_01_00.prefab using Guid(7de0b1ba75ead40c9ba800f7046b9cb0) Importer(815301076,1909f56bfc062723c751e8b465ee728b)  -> (artifact id: 'a16ca5110226267874710ca4e075894c') in 0.001165 seconds
Number of updated asset objects reloaded before import = 0
Number of asset objects unloaded after import = 7
========================================================================
Received Import Request.
  Time since last request: 0.000036 seconds.
  path: Assets/Packages/Mars Landscape 3D/Prefabs/ML3D_Rocks_00_02.prefab
  artifactKey: Guid(692d26f9515e849e6bf8a16deaab7230) Importer(815301076,1909f56bfc062723c751e8b465ee728b)
Start importing Assets/Packages/Mars Landscape 3D/Prefabs/ML3D_Rocks_00_02.prefab using Guid(692d26f9515e849e6bf8a16deaab7230) Importer(815301076,1909f56bfc062723c751e8b465ee728b)  -> (artifact id: '40acbe55a0fe81d76880a164b8916da6') in 0.000996 seconds
Number of updated asset objects reloaded before import = 0
Number of asset objects unloaded after import = 7
========================================================================
Received Import Request.
  Time since last request: 53.147440 seconds.
  path: Assets/Packages/TerrainSampleAssets/Settings/HeightmapTexture.preset
  artifactKey: Guid(3673edd4bef6add4aaf606245092507c) Importer(815301076,1909f56bfc062723c751e8b465ee728b)
Start importing Assets/Packages/TerrainSampleAssets/Settings/HeightmapTexture.preset using Guid(3673edd4bef6add4aaf606245092507c) Importer(815301076,1909f56bfc062723c751e8b465ee728b)  -> (artifact id: 'a03dfc21eb9f017fc1b6ec194a40c332') in 0.002084 seconds
Number of updated asset objects reloaded before import = 0
Number of asset objects unloaded after import = 1
========================================================================
Received Import Request.
  Time since last request: 5.487405 seconds.
  path: Assets/Packages/TerrainSampleAssets/TerrainBrushes/Soft_Round_Brush.brush
  artifactKey: Guid(a757b66aa1cbcbe4595dd37a3729ba24) Importer(815301076,1909f56bfc062723c751e8b465ee728b)
Start importing Assets/Packages/TerrainSampleAssets/TerrainBrushes/Soft_Round_Brush.brush using Guid(a757b66aa1cbcbe4595dd37a3729ba24) Importer(815301076,1909f56bfc062723c751e8b465ee728b)  -> (artifact id: '580218c4f7b54c9eb19dd919cbce4ec6') in 0.017880 seconds
Number of updated asset objects reloaded before import = 0
Number of asset objects unloaded after import = 2
========================================================================
Received Import Request.
  Time since last request: 0.000107 seconds.
  path: Assets/Packages/TerrainSampleAssets/TerrainBrushes/Terrainstamp_Mountain08_Brush.brush
  artifactKey: Guid(f3ac69de155752e498f0f9864e41e7a1) Importer(815301076,1909f56bfc062723c751e8b465ee728b)
Start importing Assets/Packages/TerrainSampleAssets/TerrainBrushes/Terrainstamp_Mountain08_Brush.brush using Guid(f3ac69de155752e498f0f9864e41e7a1) Importer(815301076,1909f56bfc062723c751e8b465ee728b)  -> (artifact id: '1a8bb2936f5c78d7e90b2bac445afeca') in 0.018634 seconds
Number of updated asset objects reloaded before import = 0
Number of asset objects unloaded after import = 2
========================================================================
Received Import Request.
  Time since last request: 0.000031 seconds.
  path: Assets/Packages/TerrainSampleAssets/TerrainBrushes/Terrainstamp_Mountain10_Brush.brush
  artifactKey: Guid(a84a003f62212dd48b832a72ba178a49) Importer(815301076,1909f56bfc062723c751e8b465ee728b)
Start importing Assets/Packages/TerrainSampleAssets/TerrainBrushes/Terrainstamp_Mountain10_Brush.brush using Guid(a84a003f62212dd48b832a72ba178a49) Importer(815301076,1909f56bfc062723c751e8b465ee728b)  -> (artifact id: '1a9c9463ce02400dff0c8a15c42eabd8') in 0.015171 seconds
Number of updated asset objects reloaded before import = 0
Number of asset objects unloaded after import = 2
